ERROR - 2024-11-27 11:49:08 --> Error connecting to the database: mysqli_sql_exception: No connection could be made because the target machine actively refused it in D:\FSA Courses\S5\Programation web dynamique\University_clubs_management\ucm\backend\system\Database\MySQLi\Connection.php:186
Stack trace:
#0 D:\FSA Courses\S5\Programation web dynamique\University_clubs_management\ucm\backend\system\Database\MySQLi\Connection.php(186): mysqli->real_connect('localhost', 'root', Object(SensitiveParameterValue), 'clubs_managment...', 3306, '', 0)
#1 D:\FSA Courses\S5\Programation web dynamique\University_clubs_management\ucm\backend\system\Database\BaseConnection.php(421): CodeIgniter\Database\MySQLi\Connection->connect(false)
#2 D:\FSA Courses\S5\Programation web dynamique\University_clubs_management\ucm\backend\system\Database\BaseConnection.php(616): CodeIgniter\Database\BaseConnection->initialize()
#3 D:\FSA Courses\S5\Programation web dynamique\University_clubs_management\ucm\backend\system\Database\BaseBuilder.php(1644): CodeIgniter\Database\BaseConnection->query('SELECT *\nFROM `...', Array, false)
#4 D:\FSA Courses\S5\Programation web dynamique\University_clubs_management\ucm\backend\system\Model.php(210): CodeIgniter\Database\BaseBuilder->get()
#5 D:\FSA Courses\S5\Programation web dynamique\University_clubs_management\ucm\backend\system\BaseModel.php(610): CodeIgniter\Model->doFind(true, '5')
#6 D:\FSA Courses\S5\Programation web dynamique\University_clubs_management\ucm\backend\app\Controllers\UserController.php(179): CodeIgniter\BaseModel->find('5')
#7 D:\FSA Courses\S5\Programation web dynamique\University_clubs_management\ucm\backend\system\CodeIgniter.php(933): App\Controllers\UserController->getuserByid('5')
#8 D:\FSA Courses\S5\Programation web dynamique\University_clubs_management\ucm\backend\system\CodeIgniter.php(509): CodeIgniter\CodeIgniter->runController(Object(App\Controllers\UserController))
#9 D:\FSA Courses\S5\Programation web dynamique\University_clubs_management\ucm\backend\system\CodeIgniter.php(355): CodeIgniter\CodeIgniter->handleRequest(NULL, Object(Config\Cache), false)
#10 D:\FSA Courses\S5\Programation web dynamique\University_clubs_management\ucm\backend\system\Boot.php(325): CodeIgniter\CodeIgniter->run()
#11 D:\FSA Courses\S5\Programation web dynamique\University_clubs_management\ucm\backend\system\Boot.php(67): CodeIgniter\Boot::runCodeIgniter(Object(CodeIgniter\CodeIgniter))
#12 D:\FSA Courses\S5\Programation web dynamique\University_clubs_management\ucm\backend\public\index.php(66): CodeIgniter\Boot::bootWeb(Object(Config\Paths))
#13 {main}

Next CodeIgniter\Database\Exceptions\DatabaseException: No connection could be made because the target machine actively refused it in D:\FSA Courses\S5\Programation web dynamique\University_clubs_management\ucm\backend\system\Database\MySQLi\Connection.php:231
Stack trace:
#0 D:\FSA Courses\S5\Programation web dynamique\University_clubs_management\ucm\backend\system\Database\BaseConnection.php(421): CodeIgniter\Database\MySQLi\Connection->connect(false)
#1 D:\FSA Courses\S5\Programation web dynamique\University_clubs_management\ucm\backend\system\Database\BaseConnection.php(616): CodeIgniter\Database\BaseConnection->initialize()
#2 D:\FSA Courses\S5\Programation web dynamique\University_clubs_management\ucm\backend\system\Database\BaseBuilder.php(1644): CodeIgniter\Database\BaseConnection->query('SELECT *\nFROM `...', Array, false)
#3 D:\FSA Courses\S5\Programation web dynamique\University_clubs_management\ucm\backend\system\Model.php(210): CodeIgniter\Database\BaseBuilder->get()
#4 D:\FSA Courses\S5\Programation web dynamique\University_clubs_management\ucm\backend\system\BaseModel.php(610): CodeIgniter\Model->doFind(true, '5')
#5 D:\FSA Courses\S5\Programation web dynamique\University_clubs_management\ucm\backend\app\Controllers\UserController.php(179): CodeIgniter\BaseModel->find('5')
#6 D:\FSA Courses\S5\Programation web dynamique\University_clubs_management\ucm\backend\system\CodeIgniter.php(933): App\Controllers\UserController->getuserByid('5')
#7 D:\FSA Courses\S5\Programation web dynamique\University_clubs_management\ucm\backend\system\CodeIgniter.php(509): CodeIgniter\CodeIgniter->runController(Object(App\Controllers\UserController))
#8 D:\FSA Courses\S5\Programation web dynamique\University_clubs_management\ucm\backend\system\CodeIgniter.php(355): CodeIgniter\CodeIgniter->handleRequest(NULL, Object(Config\Cache), false)
#9 D:\FSA Courses\S5\Programation web dynamique\University_clubs_management\ucm\backend\system\Boot.php(325): CodeIgniter\CodeIgniter->run()
#10 D:\FSA Courses\S5\Programation web dynamique\University_clubs_management\ucm\backend\system\Boot.php(67): CodeIgniter\Boot::runCodeIgniter(Object(CodeIgniter\CodeIgniter))
#11 D:\FSA Courses\S5\Programation web dynamique\University_clubs_management\ucm\backend\public\index.php(66): CodeIgniter\Boot::bootWeb(Object(Config\Paths))
#12 {main}
CRITICAL - 2024-11-27 11:49:08 --> CodeIgniter\Database\Exceptions\DatabaseException: Unable to connect to the database.
Main connection [MySQLi]: No connection could be made because the target machine actively refused it
[Method: GET, Route: user-number/5]
in SYSTEMPATH\Database\BaseConnection.php on line 467.
 1 SYSTEMPATH\Database\BaseConnection.php(616): CodeIgniter\Database\BaseConnection->initialize()
 2 SYSTEMPATH\Database\BaseBuilder.php(1644): CodeIgniter\Database\BaseConnection->query('SELECT *
FROM `user`
WHERE `user`.`id` = :user.id:', [...], false)
 3 SYSTEMPATH\Model.php(210): CodeIgniter\Database\BaseBuilder->get()
 4 SYSTEMPATH\BaseModel.php(610): CodeIgniter\Model->doFind(true, '5')
 5 APPPATH\Controllers\UserController.php(179): CodeIgniter\BaseModel->find('5')
 6 SYSTEMPATH\CodeIgniter.php(933): App\Controllers\UserController->getuserByid('5')
 7 SYSTEMPATH\CodeIgniter.php(509): CodeIgniter\CodeIgniter->runController(Object(App\Controllers\UserController))
 8 SYSTEMPATH\CodeIgniter.php(355): CodeIgniter\CodeIgniter->handleRequest(null, Object(Config\Cache), false)
 9 SYSTEMPATH\Boot.php(325): CodeIgniter\CodeIgniter->run()
10 SYSTEMPATH\Boot.php(67): CodeIgniter\Boot::runCodeIgniter(Object(CodeIgniter\CodeIgniter))
11 FCPATH\index.php(66): CodeIgniter\Boot::bootWeb(Object(Config\Paths))
ERROR - 2024-11-27 11:54:23 --> Error connecting to the database: mysqli_sql_exception: No connection could be made because the target machine actively refused it in D:\FSA Courses\S5\Programation web dynamique\University_clubs_management\ucm\backend\system\Database\MySQLi\Connection.php:186
Stack trace:
#0 D:\FSA Courses\S5\Programation web dynamique\University_clubs_management\ucm\backend\system\Database\MySQLi\Connection.php(186): mysqli->real_connect('localhost', 'root', Object(SensitiveParameterValue), 'clubs_managment...', 3306, '', 0)
#1 D:\FSA Courses\S5\Programation web dynamique\University_clubs_management\ucm\backend\system\Database\BaseConnection.php(421): CodeIgniter\Database\MySQLi\Connection->connect(false)
#2 D:\FSA Courses\S5\Programation web dynamique\University_clubs_management\ucm\backend\system\Database\BaseConnection.php(616): CodeIgniter\Database\BaseConnection->initialize()
#3 D:\FSA Courses\S5\Programation web dynamique\University_clubs_management\ucm\backend\system\Database\BaseBuilder.php(1644): CodeIgniter\Database\BaseConnection->query('SELECT *\nFROM `...', Array, false)
#4 D:\FSA Courses\S5\Programation web dynamique\University_clubs_management\ucm\backend\system\Model.php(286): CodeIgniter\Database\BaseBuilder->get()
#5 D:\FSA Courses\S5\Programation web dynamique\University_clubs_management\ucm\backend\system\BaseModel.php(676): CodeIgniter\Model->doFindAll(0, 0)
#6 D:\FSA Courses\S5\Programation web dynamique\University_clubs_management\ucm\backend\app\Controllers\EventController.php(19): CodeIgniter\BaseModel->findAll()
#7 D:\FSA Courses\S5\Programation web dynamique\University_clubs_management\ucm\backend\system\CodeIgniter.php(933): App\Controllers\EventController->allEvents()
#8 D:\FSA Courses\S5\Programation web dynamique\University_clubs_management\ucm\backend\system\CodeIgniter.php(509): CodeIgniter\CodeIgniter->runController(Object(App\Controllers\EventController))
#9 D:\FSA Courses\S5\Programation web dynamique\University_clubs_management\ucm\backend\system\CodeIgniter.php(355): CodeIgniter\CodeIgniter->handleRequest(NULL, Object(Config\Cache), false)
#10 D:\FSA Courses\S5\Programation web dynamique\University_clubs_management\ucm\backend\system\Boot.php(325): CodeIgniter\CodeIgniter->run()
#11 D:\FSA Courses\S5\Programation web dynamique\University_clubs_management\ucm\backend\system\Boot.php(67): CodeIgniter\Boot::runCodeIgniter(Object(CodeIgniter\CodeIgniter))
#12 D:\FSA Courses\S5\Programation web dynamique\University_clubs_management\ucm\backend\public\index.php(66): CodeIgniter\Boot::bootWeb(Object(Config\Paths))
#13 {main}

Next CodeIgniter\Database\Exceptions\DatabaseException: No connection could be made because the target machine actively refused it in D:\FSA Courses\S5\Programation web dynamique\University_clubs_management\ucm\backend\system\Database\MySQLi\Connection.php:231
Stack trace:
#0 D:\FSA Courses\S5\Programation web dynamique\University_clubs_management\ucm\backend\system\Database\BaseConnection.php(421): CodeIgniter\Database\MySQLi\Connection->connect(false)
#1 D:\FSA Courses\S5\Programation web dynamique\University_clubs_management\ucm\backend\system\Database\BaseConnection.php(616): CodeIgniter\Database\BaseConnection->initialize()
#2 D:\FSA Courses\S5\Programation web dynamique\University_clubs_management\ucm\backend\system\Database\BaseBuilder.php(1644): CodeIgniter\Database\BaseConnection->query('SELECT *\nFROM `...', Array, false)
#3 D:\FSA Courses\S5\Programation web dynamique\University_clubs_management\ucm\backend\system\Model.php(286): CodeIgniter\Database\BaseBuilder->get()
#4 D:\FSA Courses\S5\Programation web dynamique\University_clubs_management\ucm\backend\system\BaseModel.php(676): CodeIgniter\Model->doFindAll(0, 0)
#5 D:\FSA Courses\S5\Programation web dynamique\University_clubs_management\ucm\backend\app\Controllers\EventController.php(19): CodeIgniter\BaseModel->findAll()
#6 D:\FSA Courses\S5\Programation web dynamique\University_clubs_management\ucm\backend\system\CodeIgniter.php(933): App\Controllers\EventController->allEvents()
#7 D:\FSA Courses\S5\Programation web dynamique\University_clubs_management\ucm\backend\system\CodeIgniter.php(509): CodeIgniter\CodeIgniter->runController(Object(App\Controllers\EventController))
#8 D:\FSA Courses\S5\Programation web dynamique\University_clubs_management\ucm\backend\system\CodeIgniter.php(355): CodeIgniter\CodeIgniter->handleRequest(NULL, Object(Config\Cache), false)
#9 D:\FSA Courses\S5\Programation web dynamique\University_clubs_management\ucm\backend\system\Boot.php(325): CodeIgniter\CodeIgniter->run()
#10 D:\FSA Courses\S5\Programation web dynamique\University_clubs_management\ucm\backend\system\Boot.php(67): CodeIgniter\Boot::runCodeIgniter(Object(CodeIgniter\CodeIgniter))
#11 D:\FSA Courses\S5\Programation web dynamique\University_clubs_management\ucm\backend\public\index.php(66): CodeIgniter\Boot::bootWeb(Object(Config\Paths))
#12 {main}
CRITICAL - 2024-11-27 11:54:23 --> CodeIgniter\Database\Exceptions\DatabaseException: Unable to connect to the database.
Main connection [MySQLi]: No connection could be made because the target machine actively refused it
[Method: GET, Route: all-events]
in SYSTEMPATH\Database\BaseConnection.php on line 467.
 1 SYSTEMPATH\Database\BaseConnection.php(616): CodeIgniter\Database\BaseConnection->initialize()
 2 SYSTEMPATH\Database\BaseBuilder.php(1644): CodeIgniter\Database\BaseConnection->query('SELECT *
FROM `event`', [], false)
 3 SYSTEMPATH\Model.php(286): CodeIgniter\Database\BaseBuilder->get()
 4 SYSTEMPATH\BaseModel.php(676): CodeIgniter\Model->doFindAll(0, 0)
 5 APPPATH\Controllers\EventController.php(19): CodeIgniter\BaseModel->findAll()
 6 SYSTEMPATH\CodeIgniter.php(933): App\Controllers\EventController->allEvents()
 7 SYSTEMPATH\CodeIgniter.php(509): CodeIgniter\CodeIgniter->runController(Object(App\Controllers\EventController))
 8 SYSTEMPATH\CodeIgniter.php(355): CodeIgniter\CodeIgniter->handleRequest(null, Object(Config\Cache), false)
 9 SYSTEMPATH\Boot.php(325): CodeIgniter\CodeIgniter->run()
10 SYSTEMPATH\Boot.php(67): CodeIgniter\Boot::runCodeIgniter(Object(CodeIgniter\CodeIgniter))
11 FCPATH\index.php(66): CodeIgniter\Boot::bootWeb(Object(Config\Paths))
ERROR - 2024-11-27 11:55:56 --> Error connecting to the database: mysqli_sql_exception: No connection could be made because the target machine actively refused it in D:\FSA Courses\S5\Programation web dynamique\University_clubs_management\ucm\backend\system\Database\MySQLi\Connection.php:186
Stack trace:
#0 D:\FSA Courses\S5\Programation web dynamique\University_clubs_management\ucm\backend\system\Database\MySQLi\Connection.php(186): mysqli->real_connect('localhost', 'root', Object(SensitiveParameterValue), 'clubs_managment...', 3306, '', 0)
#1 D:\FSA Courses\S5\Programation web dynamique\University_clubs_management\ucm\backend\system\Database\BaseConnection.php(421): CodeIgniter\Database\MySQLi\Connection->connect(false)
#2 D:\FSA Courses\S5\Programation web dynamique\University_clubs_management\ucm\backend\system\Database\BaseConnection.php(616): CodeIgniter\Database\BaseConnection->initialize()
#3 D:\FSA Courses\S5\Programation web dynamique\University_clubs_management\ucm\backend\system\Database\BaseBuilder.php(1644): CodeIgniter\Database\BaseConnection->query('SELECT *\nFROM `...', Array, false)
#4 D:\FSA Courses\S5\Programation web dynamique\University_clubs_management\ucm\backend\system\Model.php(286): CodeIgniter\Database\BaseBuilder->get()
#5 D:\FSA Courses\S5\Programation web dynamique\University_clubs_management\ucm\backend\system\BaseModel.php(676): CodeIgniter\Model->doFindAll(0, 0)
#6 D:\FSA Courses\S5\Programation web dynamique\University_clubs_management\ucm\backend\app\Controllers\EventController.php(19): CodeIgniter\BaseModel->findAll()
#7 D:\FSA Courses\S5\Programation web dynamique\University_clubs_management\ucm\backend\system\CodeIgniter.php(933): App\Controllers\EventController->allEvents()
#8 D:\FSA Courses\S5\Programation web dynamique\University_clubs_management\ucm\backend\system\CodeIgniter.php(509): CodeIgniter\CodeIgniter->runController(Object(App\Controllers\EventController))
#9 D:\FSA Courses\S5\Programation web dynamique\University_clubs_management\ucm\backend\system\CodeIgniter.php(355): CodeIgniter\CodeIgniter->handleRequest(NULL, Object(Config\Cache), false)
#10 D:\FSA Courses\S5\Programation web dynamique\University_clubs_management\ucm\backend\system\Boot.php(325): CodeIgniter\CodeIgniter->run()
#11 D:\FSA Courses\S5\Programation web dynamique\University_clubs_management\ucm\backend\system\Boot.php(67): CodeIgniter\Boot::runCodeIgniter(Object(CodeIgniter\CodeIgniter))
#12 D:\FSA Courses\S5\Programation web dynamique\University_clubs_management\ucm\backend\public\index.php(66): CodeIgniter\Boot::bootWeb(Object(Config\Paths))
#13 {main}

Next CodeIgniter\Database\Exceptions\DatabaseException: No connection could be made because the target machine actively refused it in D:\FSA Courses\S5\Programation web dynamique\University_clubs_management\ucm\backend\system\Database\MySQLi\Connection.php:231
Stack trace:
#0 D:\FSA Courses\S5\Programation web dynamique\University_clubs_management\ucm\backend\system\Database\BaseConnection.php(421): CodeIgniter\Database\MySQLi\Connection->connect(false)
#1 D:\FSA Courses\S5\Programation web dynamique\University_clubs_management\ucm\backend\system\Database\BaseConnection.php(616): CodeIgniter\Database\BaseConnection->initialize()
#2 D:\FSA Courses\S5\Programation web dynamique\University_clubs_management\ucm\backend\system\Database\BaseBuilder.php(1644): CodeIgniter\Database\BaseConnection->query('SELECT *\nFROM `...', Array, false)
#3 D:\FSA Courses\S5\Programation web dynamique\University_clubs_management\ucm\backend\system\Model.php(286): CodeIgniter\Database\BaseBuilder->get()
#4 D:\FSA Courses\S5\Programation web dynamique\University_clubs_management\ucm\backend\system\BaseModel.php(676): CodeIgniter\Model->doFindAll(0, 0)
#5 D:\FSA Courses\S5\Programation web dynamique\University_clubs_management\ucm\backend\app\Controllers\EventController.php(19): CodeIgniter\BaseModel->findAll()
#6 D:\FSA Courses\S5\Programation web dynamique\University_clubs_management\ucm\backend\system\CodeIgniter.php(933): App\Controllers\EventController->allEvents()
#7 D:\FSA Courses\S5\Programation web dynamique\University_clubs_management\ucm\backend\system\CodeIgniter.php(509): CodeIgniter\CodeIgniter->runController(Object(App\Controllers\EventController))
#8 D:\FSA Courses\S5\Programation web dynamique\University_clubs_management\ucm\backend\system\CodeIgniter.php(355): CodeIgniter\CodeIgniter->handleRequest(NULL, Object(Config\Cache), false)
#9 D:\FSA Courses\S5\Programation web dynamique\University_clubs_management\ucm\backend\system\Boot.php(325): CodeIgniter\CodeIgniter->run()
#10 D:\FSA Courses\S5\Programation web dynamique\University_clubs_management\ucm\backend\system\Boot.php(67): CodeIgniter\Boot::runCodeIgniter(Object(CodeIgniter\CodeIgniter))
#11 D:\FSA Courses\S5\Programation web dynamique\University_clubs_management\ucm\backend\public\index.php(66): CodeIgniter\Boot::bootWeb(Object(Config\Paths))
#12 {main}
CRITICAL - 2024-11-27 11:55:56 --> CodeIgniter\Database\Exceptions\DatabaseException: Unable to connect to the database.
Main connection [MySQLi]: No connection could be made because the target machine actively refused it
[Method: GET, Route: all-events]
in SYSTEMPATH\Database\BaseConnection.php on line 467.
 1 SYSTEMPATH\Database\BaseConnection.php(616): CodeIgniter\Database\BaseConnection->initialize()
 2 SYSTEMPATH\Database\BaseBuilder.php(1644): CodeIgniter\Database\BaseConnection->query('SELECT *
FROM `event`', [], false)
 3 SYSTEMPATH\Model.php(286): CodeIgniter\Database\BaseBuilder->get()
 4 SYSTEMPATH\BaseModel.php(676): CodeIgniter\Model->doFindAll(0, 0)
 5 APPPATH\Controllers\EventController.php(19): CodeIgniter\BaseModel->findAll()
 6 SYSTEMPATH\CodeIgniter.php(933): App\Controllers\EventController->allEvents()
 7 SYSTEMPATH\CodeIgniter.php(509): CodeIgniter\CodeIgniter->runController(Object(App\Controllers\EventController))
 8 SYSTEMPATH\CodeIgniter.php(355): CodeIgniter\CodeIgniter->handleRequest(null, Object(Config\Cache), false)
 9 SYSTEMPATH\Boot.php(325): CodeIgniter\CodeIgniter->run()
10 SYSTEMPATH\Boot.php(67): CodeIgniter\Boot::runCodeIgniter(Object(CodeIgniter\CodeIgniter))
11 FCPATH\index.php(66): CodeIgniter\Boot::bootWeb(Object(Config\Paths))
ERROR - 2024-11-27 11:56:04 --> Error connecting to the database: mysqli_sql_exception: No connection could be made because the target machine actively refused it in D:\FSA Courses\S5\Programation web dynamique\University_clubs_management\ucm\backend\system\Database\MySQLi\Connection.php:186
Stack trace:
#0 D:\FSA Courses\S5\Programation web dynamique\University_clubs_management\ucm\backend\system\Database\MySQLi\Connection.php(186): mysqli->real_connect('localhost', 'root', Object(SensitiveParameterValue), 'clubs_managment...', 3306, '', 0)
#1 D:\FSA Courses\S5\Programation web dynamique\University_clubs_management\ucm\backend\system\Database\BaseConnection.php(421): CodeIgniter\Database\MySQLi\Connection->connect(false)
#2 D:\FSA Courses\S5\Programation web dynamique\University_clubs_management\ucm\backend\system\Database\BaseConnection.php(616): CodeIgniter\Database\BaseConnection->initialize()
#3 D:\FSA Courses\S5\Programation web dynamique\University_clubs_management\ucm\backend\system\Database\BaseBuilder.php(1644): CodeIgniter\Database\BaseConnection->query('SELECT *\nFROM `...', Array, false)
#4 D:\FSA Courses\S5\Programation web dynamique\University_clubs_management\ucm\backend\system\Model.php(286): CodeIgniter\Database\BaseBuilder->get()
#5 D:\FSA Courses\S5\Programation web dynamique\University_clubs_management\ucm\backend\system\BaseModel.php(676): CodeIgniter\Model->doFindAll(0, 0)
#6 D:\FSA Courses\S5\Programation web dynamique\University_clubs_management\ucm\backend\app\Controllers\EventController.php(19): CodeIgniter\BaseModel->findAll()
#7 D:\FSA Courses\S5\Programation web dynamique\University_clubs_management\ucm\backend\system\CodeIgniter.php(933): App\Controllers\EventController->allEvents()
#8 D:\FSA Courses\S5\Programation web dynamique\University_clubs_management\ucm\backend\system\CodeIgniter.php(509): CodeIgniter\CodeIgniter->runController(Object(App\Controllers\EventController))
#9 D:\FSA Courses\S5\Programation web dynamique\University_clubs_management\ucm\backend\system\CodeIgniter.php(355): CodeIgniter\CodeIgniter->handleRequest(NULL, Object(Config\Cache), false)
#10 D:\FSA Courses\S5\Programation web dynamique\University_clubs_management\ucm\backend\system\Boot.php(325): CodeIgniter\CodeIgniter->run()
#11 D:\FSA Courses\S5\Programation web dynamique\University_clubs_management\ucm\backend\system\Boot.php(67): CodeIgniter\Boot::runCodeIgniter(Object(CodeIgniter\CodeIgniter))
#12 D:\FSA Courses\S5\Programation web dynamique\University_clubs_management\ucm\backend\public\index.php(66): CodeIgniter\Boot::bootWeb(Object(Config\Paths))
#13 {main}

Next CodeIgniter\Database\Exceptions\DatabaseException: No connection could be made because the target machine actively refused it in D:\FSA Courses\S5\Programation web dynamique\University_clubs_management\ucm\backend\system\Database\MySQLi\Connection.php:231
Stack trace:
#0 D:\FSA Courses\S5\Programation web dynamique\University_clubs_management\ucm\backend\system\Database\BaseConnection.php(421): CodeIgniter\Database\MySQLi\Connection->connect(false)
#1 D:\FSA Courses\S5\Programation web dynamique\University_clubs_management\ucm\backend\system\Database\BaseConnection.php(616): CodeIgniter\Database\BaseConnection->initialize()
#2 D:\FSA Courses\S5\Programation web dynamique\University_clubs_management\ucm\backend\system\Database\BaseBuilder.php(1644): CodeIgniter\Database\BaseConnection->query('SELECT *\nFROM `...', Array, false)
#3 D:\FSA Courses\S5\Programation web dynamique\University_clubs_management\ucm\backend\system\Model.php(286): CodeIgniter\Database\BaseBuilder->get()
#4 D:\FSA Courses\S5\Programation web dynamique\University_clubs_management\ucm\backend\system\BaseModel.php(676): CodeIgniter\Model->doFindAll(0, 0)
#5 D:\FSA Courses\S5\Programation web dynamique\University_clubs_management\ucm\backend\app\Controllers\EventController.php(19): CodeIgniter\BaseModel->findAll()
#6 D:\FSA Courses\S5\Programation web dynamique\University_clubs_management\ucm\backend\system\CodeIgniter.php(933): App\Controllers\EventController->allEvents()
#7 D:\FSA Courses\S5\Programation web dynamique\University_clubs_management\ucm\backend\system\CodeIgniter.php(509): CodeIgniter\CodeIgniter->runController(Object(App\Controllers\EventController))
#8 D:\FSA Courses\S5\Programation web dynamique\University_clubs_management\ucm\backend\system\CodeIgniter.php(355): CodeIgniter\CodeIgniter->handleRequest(NULL, Object(Config\Cache), false)
#9 D:\FSA Courses\S5\Programation web dynamique\University_clubs_management\ucm\backend\system\Boot.php(325): CodeIgniter\CodeIgniter->run()
#10 D:\FSA Courses\S5\Programation web dynamique\University_clubs_management\ucm\backend\system\Boot.php(67): CodeIgniter\Boot::runCodeIgniter(Object(CodeIgniter\CodeIgniter))
#11 D:\FSA Courses\S5\Programation web dynamique\University_clubs_management\ucm\backend\public\index.php(66): CodeIgniter\Boot::bootWeb(Object(Config\Paths))
#12 {main}
CRITICAL - 2024-11-27 11:56:04 --> CodeIgniter\Database\Exceptions\DatabaseException: Unable to connect to the database.
Main connection [MySQLi]: No connection could be made because the target machine actively refused it
[Method: GET, Route: all-events]
in SYSTEMPATH\Database\BaseConnection.php on line 467.
 1 SYSTEMPATH\Database\BaseConnection.php(616): CodeIgniter\Database\BaseConnection->initialize()
 2 SYSTEMPATH\Database\BaseBuilder.php(1644): CodeIgniter\Database\BaseConnection->query('SELECT *
FROM `event`', [], false)
 3 SYSTEMPATH\Model.php(286): CodeIgniter\Database\BaseBuilder->get()
 4 SYSTEMPATH\BaseModel.php(676): CodeIgniter\Model->doFindAll(0, 0)
 5 APPPATH\Controllers\EventController.php(19): CodeIgniter\BaseModel->findAll()
 6 SYSTEMPATH\CodeIgniter.php(933): App\Controllers\EventController->allEvents()
 7 SYSTEMPATH\CodeIgniter.php(509): CodeIgniter\CodeIgniter->runController(Object(App\Controllers\EventController))
 8 SYSTEMPATH\CodeIgniter.php(355): CodeIgniter\CodeIgniter->handleRequest(null, Object(Config\Cache), false)
 9 SYSTEMPATH\Boot.php(325): CodeIgniter\CodeIgniter->run()
10 SYSTEMPATH\Boot.php(67): CodeIgniter\Boot::runCodeIgniter(Object(CodeIgniter\CodeIgniter))
11 FCPATH\index.php(66): CodeIgniter\Boot::bootWeb(Object(Config\Paths))
ERROR - 2024-11-27 11:56:22 --> Error connecting to the database: mysqli_sql_exception: No connection could be made because the target machine actively refused it in D:\FSA Courses\S5\Programation web dynamique\University_clubs_management\ucm\backend\system\Database\MySQLi\Connection.php:186
Stack trace:
#0 D:\FSA Courses\S5\Programation web dynamique\University_clubs_management\ucm\backend\system\Database\MySQLi\Connection.php(186): mysqli->real_connect('localhost', 'root', Object(SensitiveParameterValue), 'clubs_managment...', 3306, '', 0)
#1 D:\FSA Courses\S5\Programation web dynamique\University_clubs_management\ucm\backend\system\Database\BaseConnection.php(421): CodeIgniter\Database\MySQLi\Connection->connect(false)
#2 D:\FSA Courses\S5\Programation web dynamique\University_clubs_management\ucm\backend\system\Database\BaseConnection.php(616): CodeIgniter\Database\BaseConnection->initialize()
#3 D:\FSA Courses\S5\Programation web dynamique\University_clubs_management\ucm\backend\system\Database\BaseBuilder.php(1644): CodeIgniter\Database\BaseConnection->query('SELECT *\nFROM `...', Array, false)
#4 D:\FSA Courses\S5\Programation web dynamique\University_clubs_management\ucm\backend\system\Model.php(286): CodeIgniter\Database\BaseBuilder->get()
#5 D:\FSA Courses\S5\Programation web dynamique\University_clubs_management\ucm\backend\system\BaseModel.php(676): CodeIgniter\Model->doFindAll(0, 0)
#6 D:\FSA Courses\S5\Programation web dynamique\University_clubs_management\ucm\backend\app\Controllers\EventController.php(19): CodeIgniter\BaseModel->findAll()
#7 D:\FSA Courses\S5\Programation web dynamique\University_clubs_management\ucm\backend\system\CodeIgniter.php(933): App\Controllers\EventController->allEvents()
#8 D:\FSA Courses\S5\Programation web dynamique\University_clubs_management\ucm\backend\system\CodeIgniter.php(509): CodeIgniter\CodeIgniter->runController(Object(App\Controllers\EventController))
#9 D:\FSA Courses\S5\Programation web dynamique\University_clubs_management\ucm\backend\system\CodeIgniter.php(355): CodeIgniter\CodeIgniter->handleRequest(NULL, Object(Config\Cache), false)
#10 D:\FSA Courses\S5\Programation web dynamique\University_clubs_management\ucm\backend\system\Boot.php(325): CodeIgniter\CodeIgniter->run()
#11 D:\FSA Courses\S5\Programation web dynamique\University_clubs_management\ucm\backend\system\Boot.php(67): CodeIgniter\Boot::runCodeIgniter(Object(CodeIgniter\CodeIgniter))
#12 D:\FSA Courses\S5\Programation web dynamique\University_clubs_management\ucm\backend\public\index.php(66): CodeIgniter\Boot::bootWeb(Object(Config\Paths))
#13 {main}

Next CodeIgniter\Database\Exceptions\DatabaseException: No connection could be made because the target machine actively refused it in D:\FSA Courses\S5\Programation web dynamique\University_clubs_management\ucm\backend\system\Database\MySQLi\Connection.php:231
Stack trace:
#0 D:\FSA Courses\S5\Programation web dynamique\University_clubs_management\ucm\backend\system\Database\BaseConnection.php(421): CodeIgniter\Database\MySQLi\Connection->connect(false)
#1 D:\FSA Courses\S5\Programation web dynamique\University_clubs_management\ucm\backend\system\Database\BaseConnection.php(616): CodeIgniter\Database\BaseConnection->initialize()
#2 D:\FSA Courses\S5\Programation web dynamique\University_clubs_management\ucm\backend\system\Database\BaseBuilder.php(1644): CodeIgniter\Database\BaseConnection->query('SELECT *\nFROM `...', Array, false)
#3 D:\FSA Courses\S5\Programation web dynamique\University_clubs_management\ucm\backend\system\Model.php(286): CodeIgniter\Database\BaseBuilder->get()
#4 D:\FSA Courses\S5\Programation web dynamique\University_clubs_management\ucm\backend\system\BaseModel.php(676): CodeIgniter\Model->doFindAll(0, 0)
#5 D:\FSA Courses\S5\Programation web dynamique\University_clubs_management\ucm\backend\app\Controllers\EventController.php(19): CodeIgniter\BaseModel->findAll()
#6 D:\FSA Courses\S5\Programation web dynamique\University_clubs_management\ucm\backend\system\CodeIgniter.php(933): App\Controllers\EventController->allEvents()
#7 D:\FSA Courses\S5\Programation web dynamique\University_clubs_management\ucm\backend\system\CodeIgniter.php(509): CodeIgniter\CodeIgniter->runController(Object(App\Controllers\EventController))
#8 D:\FSA Courses\S5\Programation web dynamique\University_clubs_management\ucm\backend\system\CodeIgniter.php(355): CodeIgniter\CodeIgniter->handleRequest(NULL, Object(Config\Cache), false)
#9 D:\FSA Courses\S5\Programation web dynamique\University_clubs_management\ucm\backend\system\Boot.php(325): CodeIgniter\CodeIgniter->run()
#10 D:\FSA Courses\S5\Programation web dynamique\University_clubs_management\ucm\backend\system\Boot.php(67): CodeIgniter\Boot::runCodeIgniter(Object(CodeIgniter\CodeIgniter))
#11 D:\FSA Courses\S5\Programation web dynamique\University_clubs_management\ucm\backend\public\index.php(66): CodeIgniter\Boot::bootWeb(Object(Config\Paths))
#12 {main}
CRITICAL - 2024-11-27 11:56:22 --> CodeIgniter\Database\Exceptions\DatabaseException: Unable to connect to the database.
Main connection [MySQLi]: No connection could be made because the target machine actively refused it
[Method: GET, Route: all-events]
in SYSTEMPATH\Database\BaseConnection.php on line 467.
 1 SYSTEMPATH\Database\BaseConnection.php(616): CodeIgniter\Database\BaseConnection->initialize()
 2 SYSTEMPATH\Database\BaseBuilder.php(1644): CodeIgniter\Database\BaseConnection->query('SELECT *
FROM `event`', [], false)
 3 SYSTEMPATH\Model.php(286): CodeIgniter\Database\BaseBuilder->get()
 4 SYSTEMPATH\BaseModel.php(676): CodeIgniter\Model->doFindAll(0, 0)
 5 APPPATH\Controllers\EventController.php(19): CodeIgniter\BaseModel->findAll()
 6 SYSTEMPATH\CodeIgniter.php(933): App\Controllers\EventController->allEvents()
 7 SYSTEMPATH\CodeIgniter.php(509): CodeIgniter\CodeIgniter->runController(Object(App\Controllers\EventController))
 8 SYSTEMPATH\CodeIgniter.php(355): CodeIgniter\CodeIgniter->handleRequest(null, Object(Config\Cache), false)
 9 SYSTEMPATH\Boot.php(325): CodeIgniter\CodeIgniter->run()
10 SYSTEMPATH\Boot.php(67): CodeIgniter\Boot::runCodeIgniter(Object(CodeIgniter\CodeIgniter))
11 FCPATH\index.php(66): CodeIgniter\Boot::bootWeb(Object(Config\Paths))
ERROR - 2024-11-27 11:56:39 --> Error connecting to the database: mysqli_sql_exception: No connection could be made because the target machine actively refused it in D:\FSA Courses\S5\Programation web dynamique\University_clubs_management\ucm\backend\system\Database\MySQLi\Connection.php:186
Stack trace:
#0 D:\FSA Courses\S5\Programation web dynamique\University_clubs_management\ucm\backend\system\Database\MySQLi\Connection.php(186): mysqli->real_connect('localhost', 'root', Object(SensitiveParameterValue), 'clubs_managment...', 3306, '', 0)
#1 D:\FSA Courses\S5\Programation web dynamique\University_clubs_management\ucm\backend\system\Database\BaseConnection.php(421): CodeIgniter\Database\MySQLi\Connection->connect(false)
#2 D:\FSA Courses\S5\Programation web dynamique\University_clubs_management\ucm\backend\system\Database\BaseConnection.php(616): CodeIgniter\Database\BaseConnection->initialize()
#3 D:\FSA Courses\S5\Programation web dynamique\University_clubs_management\ucm\backend\system\Database\BaseBuilder.php(1644): CodeIgniter\Database\BaseConnection->query('SELECT *\nFROM `...', Array, false)
#4 D:\FSA Courses\S5\Programation web dynamique\University_clubs_management\ucm\backend\system\Model.php(286): CodeIgniter\Database\BaseBuilder->get()
#5 D:\FSA Courses\S5\Programation web dynamique\University_clubs_management\ucm\backend\system\BaseModel.php(676): CodeIgniter\Model->doFindAll(0, 0)
#6 D:\FSA Courses\S5\Programation web dynamique\University_clubs_management\ucm\backend\app\Controllers\EventController.php(19): CodeIgniter\BaseModel->findAll()
#7 D:\FSA Courses\S5\Programation web dynamique\University_clubs_management\ucm\backend\system\CodeIgniter.php(933): App\Controllers\EventController->allEvents()
#8 D:\FSA Courses\S5\Programation web dynamique\University_clubs_management\ucm\backend\system\CodeIgniter.php(509): CodeIgniter\CodeIgniter->runController(Object(App\Controllers\EventController))
#9 D:\FSA Courses\S5\Programation web dynamique\University_clubs_management\ucm\backend\system\CodeIgniter.php(355): CodeIgniter\CodeIgniter->handleRequest(NULL, Object(Config\Cache), false)
#10 D:\FSA Courses\S5\Programation web dynamique\University_clubs_management\ucm\backend\system\Boot.php(325): CodeIgniter\CodeIgniter->run()
#11 D:\FSA Courses\S5\Programation web dynamique\University_clubs_management\ucm\backend\system\Boot.php(67): CodeIgniter\Boot::runCodeIgniter(Object(CodeIgniter\CodeIgniter))
#12 D:\FSA Courses\S5\Programation web dynamique\University_clubs_management\ucm\backend\public\index.php(66): CodeIgniter\Boot::bootWeb(Object(Config\Paths))
#13 {main}

Next CodeIgniter\Database\Exceptions\DatabaseException: No connection could be made because the target machine actively refused it in D:\FSA Courses\S5\Programation web dynamique\University_clubs_management\ucm\backend\system\Database\MySQLi\Connection.php:231
Stack trace:
#0 D:\FSA Courses\S5\Programation web dynamique\University_clubs_management\ucm\backend\system\Database\BaseConnection.php(421): CodeIgniter\Database\MySQLi\Connection->connect(false)
#1 D:\FSA Courses\S5\Programation web dynamique\University_clubs_management\ucm\backend\system\Database\BaseConnection.php(616): CodeIgniter\Database\BaseConnection->initialize()
#2 D:\FSA Courses\S5\Programation web dynamique\University_clubs_management\ucm\backend\system\Database\BaseBuilder.php(1644): CodeIgniter\Database\BaseConnection->query('SELECT *\nFROM `...', Array, false)
#3 D:\FSA Courses\S5\Programation web dynamique\University_clubs_management\ucm\backend\system\Model.php(286): CodeIgniter\Database\BaseBuilder->get()
#4 D:\FSA Courses\S5\Programation web dynamique\University_clubs_management\ucm\backend\system\BaseModel.php(676): CodeIgniter\Model->doFindAll(0, 0)
#5 D:\FSA Courses\S5\Programation web dynamique\University_clubs_management\ucm\backend\app\Controllers\EventController.php(19): CodeIgniter\BaseModel->findAll()
#6 D:\FSA Courses\S5\Programation web dynamique\University_clubs_management\ucm\backend\system\CodeIgniter.php(933): App\Controllers\EventController->allEvents()
#7 D:\FSA Courses\S5\Programation web dynamique\University_clubs_management\ucm\backend\system\CodeIgniter.php(509): CodeIgniter\CodeIgniter->runController(Object(App\Controllers\EventController))
#8 D:\FSA Courses\S5\Programation web dynamique\University_clubs_management\ucm\backend\system\CodeIgniter.php(355): CodeIgniter\CodeIgniter->handleRequest(NULL, Object(Config\Cache), false)
#9 D:\FSA Courses\S5\Programation web dynamique\University_clubs_management\ucm\backend\system\Boot.php(325): CodeIgniter\CodeIgniter->run()
#10 D:\FSA Courses\S5\Programation web dynamique\University_clubs_management\ucm\backend\system\Boot.php(67): CodeIgniter\Boot::runCodeIgniter(Object(CodeIgniter\CodeIgniter))
#11 D:\FSA Courses\S5\Programation web dynamique\University_clubs_management\ucm\backend\public\index.php(66): CodeIgniter\Boot::bootWeb(Object(Config\Paths))
#12 {main}
CRITICAL - 2024-11-27 11:56:39 --> CodeIgniter\Database\Exceptions\DatabaseException: Unable to connect to the database.
Main connection [MySQLi]: No connection could be made because the target machine actively refused it
[Method: GET, Route: all-events]
in SYSTEMPATH\Database\BaseConnection.php on line 467.
 1 SYSTEMPATH\Database\BaseConnection.php(616): CodeIgniter\Database\BaseConnection->initialize()
 2 SYSTEMPATH\Database\BaseBuilder.php(1644): CodeIgniter\Database\BaseConnection->query('SELECT *
FROM `event`', [], false)
 3 SYSTEMPATH\Model.php(286): CodeIgniter\Database\BaseBuilder->get()
 4 SYSTEMPATH\BaseModel.php(676): CodeIgniter\Model->doFindAll(0, 0)
 5 APPPATH\Controllers\EventController.php(19): CodeIgniter\BaseModel->findAll()
 6 SYSTEMPATH\CodeIgniter.php(933): App\Controllers\EventController->allEvents()
 7 SYSTEMPATH\CodeIgniter.php(509): CodeIgniter\CodeIgniter->runController(Object(App\Controllers\EventController))
 8 SYSTEMPATH\CodeIgniter.php(355): CodeIgniter\CodeIgniter->handleRequest(null, Object(Config\Cache), false)
 9 SYSTEMPATH\Boot.php(325): CodeIgniter\CodeIgniter->run()
10 SYSTEMPATH\Boot.php(67): CodeIgniter\Boot::runCodeIgniter(Object(CodeIgniter\CodeIgniter))
11 FCPATH\index.php(66): CodeIgniter\Boot::bootWeb(Object(Config\Paths))
ERROR - 2024-11-27 11:56:48 --> Error connecting to the database: mysqli_sql_exception: No connection could be made because the target machine actively refused it in D:\FSA Courses\S5\Programation web dynamique\University_clubs_management\ucm\backend\system\Database\MySQLi\Connection.php:186
Stack trace:
#0 D:\FSA Courses\S5\Programation web dynamique\University_clubs_management\ucm\backend\system\Database\MySQLi\Connection.php(186): mysqli->real_connect('localhost', 'root', Object(SensitiveParameterValue), 'clubs_managment...', 3306, '', 0)
#1 D:\FSA Courses\S5\Programation web dynamique\University_clubs_management\ucm\backend\system\Database\BaseConnection.php(421): CodeIgniter\Database\MySQLi\Connection->connect(false)
#2 D:\FSA Courses\S5\Programation web dynamique\University_clubs_management\ucm\backend\system\Database\BaseConnection.php(616): CodeIgniter\Database\BaseConnection->initialize()
#3 D:\FSA Courses\S5\Programation web dynamique\University_clubs_management\ucm\backend\system\Database\BaseBuilder.php(1644): CodeIgniter\Database\BaseConnection->query('SELECT *\nFROM `...', Array, false)
#4 D:\FSA Courses\S5\Programation web dynamique\University_clubs_management\ucm\backend\system\Model.php(286): CodeIgniter\Database\BaseBuilder->get()
#5 D:\FSA Courses\S5\Programation web dynamique\University_clubs_management\ucm\backend\system\BaseModel.php(676): CodeIgniter\Model->doFindAll(0, 0)
#6 D:\FSA Courses\S5\Programation web dynamique\University_clubs_management\ucm\backend\app\Controllers\EventController.php(19): CodeIgniter\BaseModel->findAll()
#7 D:\FSA Courses\S5\Programation web dynamique\University_clubs_management\ucm\backend\system\CodeIgniter.php(933): App\Controllers\EventController->allEvents()
#8 D:\FSA Courses\S5\Programation web dynamique\University_clubs_management\ucm\backend\system\CodeIgniter.php(509): CodeIgniter\CodeIgniter->runController(Object(App\Controllers\EventController))
#9 D:\FSA Courses\S5\Programation web dynamique\University_clubs_management\ucm\backend\system\CodeIgniter.php(355): CodeIgniter\CodeIgniter->handleRequest(NULL, Object(Config\Cache), false)
#10 D:\FSA Courses\S5\Programation web dynamique\University_clubs_management\ucm\backend\system\Boot.php(325): CodeIgniter\CodeIgniter->run()
#11 D:\FSA Courses\S5\Programation web dynamique\University_clubs_management\ucm\backend\system\Boot.php(67): CodeIgniter\Boot::runCodeIgniter(Object(CodeIgniter\CodeIgniter))
#12 D:\FSA Courses\S5\Programation web dynamique\University_clubs_management\ucm\backend\public\index.php(66): CodeIgniter\Boot::bootWeb(Object(Config\Paths))
#13 {main}

Next CodeIgniter\Database\Exceptions\DatabaseException: No connection could be made because the target machine actively refused it in D:\FSA Courses\S5\Programation web dynamique\University_clubs_management\ucm\backend\system\Database\MySQLi\Connection.php:231
Stack trace:
#0 D:\FSA Courses\S5\Programation web dynamique\University_clubs_management\ucm\backend\system\Database\BaseConnection.php(421): CodeIgniter\Database\MySQLi\Connection->connect(false)
#1 D:\FSA Courses\S5\Programation web dynamique\University_clubs_management\ucm\backend\system\Database\BaseConnection.php(616): CodeIgniter\Database\BaseConnection->initialize()
#2 D:\FSA Courses\S5\Programation web dynamique\University_clubs_management\ucm\backend\system\Database\BaseBuilder.php(1644): CodeIgniter\Database\BaseConnection->query('SELECT *\nFROM `...', Array, false)
#3 D:\FSA Courses\S5\Programation web dynamique\University_clubs_management\ucm\backend\system\Model.php(286): CodeIgniter\Database\BaseBuilder->get()
#4 D:\FSA Courses\S5\Programation web dynamique\University_clubs_management\ucm\backend\system\BaseModel.php(676): CodeIgniter\Model->doFindAll(0, 0)
#5 D:\FSA Courses\S5\Programation web dynamique\University_clubs_management\ucm\backend\app\Controllers\EventController.php(19): CodeIgniter\BaseModel->findAll()
#6 D:\FSA Courses\S5\Programation web dynamique\University_clubs_management\ucm\backend\system\CodeIgniter.php(933): App\Controllers\EventController->allEvents()
#7 D:\FSA Courses\S5\Programation web dynamique\University_clubs_management\ucm\backend\system\CodeIgniter.php(509): CodeIgniter\CodeIgniter->runController(Object(App\Controllers\EventController))
#8 D:\FSA Courses\S5\Programation web dynamique\University_clubs_management\ucm\backend\system\CodeIgniter.php(355): CodeIgniter\CodeIgniter->handleRequest(NULL, Object(Config\Cache), false)
#9 D:\FSA Courses\S5\Programation web dynamique\University_clubs_management\ucm\backend\system\Boot.php(325): CodeIgniter\CodeIgniter->run()
#10 D:\FSA Courses\S5\Programation web dynamique\University_clubs_management\ucm\backend\system\Boot.php(67): CodeIgniter\Boot::runCodeIgniter(Object(CodeIgniter\CodeIgniter))
#11 D:\FSA Courses\S5\Programation web dynamique\University_clubs_management\ucm\backend\public\index.php(66): CodeIgniter\Boot::bootWeb(Object(Config\Paths))
#12 {main}
CRITICAL - 2024-11-27 11:56:48 --> CodeIgniter\Database\Exceptions\DatabaseException: Unable to connect to the database.
Main connection [MySQLi]: No connection could be made because the target machine actively refused it
[Method: GET, Route: all-events]
in SYSTEMPATH\Database\BaseConnection.php on line 467.
 1 SYSTEMPATH\Database\BaseConnection.php(616): CodeIgniter\Database\BaseConnection->initialize()
 2 SYSTEMPATH\Database\BaseBuilder.php(1644): CodeIgniter\Database\BaseConnection->query('SELECT *
FROM `event`', [], false)
 3 SYSTEMPATH\Model.php(286): CodeIgniter\Database\BaseBuilder->get()
 4 SYSTEMPATH\BaseModel.php(676): CodeIgniter\Model->doFindAll(0, 0)
 5 APPPATH\Controllers\EventController.php(19): CodeIgniter\BaseModel->findAll()
 6 SYSTEMPATH\CodeIgniter.php(933): App\Controllers\EventController->allEvents()
 7 SYSTEMPATH\CodeIgniter.php(509): CodeIgniter\CodeIgniter->runController(Object(App\Controllers\EventController))
 8 SYSTEMPATH\CodeIgniter.php(355): CodeIgniter\CodeIgniter->handleRequest(null, Object(Config\Cache), false)
 9 SYSTEMPATH\Boot.php(325): CodeIgniter\CodeIgniter->run()
10 SYSTEMPATH\Boot.php(67): CodeIgniter\Boot::runCodeIgniter(Object(CodeIgniter\CodeIgniter))
11 FCPATH\index.php(66): CodeIgniter\Boot::bootWeb(Object(Config\Paths))
INFO - 2024-11-27 12:17:56 --> Session: Class initialized using 'CodeIgniter\Session\Handlers\FileHandler' driver.
CRITICAL - 2024-11-27 13:22:57 --> ErrorException: Attempt to read property "id" on array
[Method: GET, Route: club-slug/photography-and-film-club]
in APPPATH\Controllers\ClubController.php on line 35.
 1 APPPATH\Controllers\ClubController.php(35): CodeIgniter\Debug\Exceptions->errorHandler(2, 'Attempt to read property "id" on array', 'D:\\FSA Courses\\S5\\Programation web dynamique\\University_clubs_management\\ucm\\backend\\app\\Controllers\\ClubController.php', 35)
 2 SYSTEMPATH\CodeIgniter.php(933): App\Controllers\ClubController->getClubBySlug('photography-and-film-club')
 3 SYSTEMPATH\CodeIgniter.php(509): CodeIgniter\CodeIgniter->runController(Object(App\Controllers\ClubController))
 4 SYSTEMPATH\CodeIgniter.php(355): CodeIgniter\CodeIgniter->handleRequest(null, Object(Config\Cache), false)
 5 SYSTEMPATH\Boot.php(325): CodeIgniter\CodeIgniter->run()
 6 SYSTEMPATH\Boot.php(67): CodeIgniter\Boot::runCodeIgniter(Object(CodeIgniter\CodeIgniter))
 7 FCPATH\index.php(66): CodeIgniter\Boot::bootWeb(Object(Config\Paths))
INFO - 2024-11-27 13:39:36 --> Session: Class initialized using 'CodeIgniter\Session\Handlers\FileHandler' driver.
INFO - 2024-11-27 13:40:32 --> Session: Class initialized using 'CodeIgniter\Session\Handlers\FileHandler' driver.
INFO - 2024-11-27 13:44:46 --> Session: Class initialized using 'CodeIgniter\Session\Handlers\FileHandler' driver.
CRITICAL - 2024-11-27 13:54:12 --> Error: Class "App\Controllers\EventModel" not found
[Method: GET, Route: club-slug/photography-and-film-club]
in APPPATH\Controllers\ClubController.php on line 37.
 1 SYSTEMPATH\CodeIgniter.php(933): App\Controllers\ClubController->getClubBySlug('photography-and-film-club')
 2 SYSTEMPATH\CodeIgniter.php(509): CodeIgniter\CodeIgniter->runController(Object(App\Controllers\ClubController))
 3 SYSTEMPATH\CodeIgniter.php(355): CodeIgniter\CodeIgniter->handleRequest(null, Object(Config\Cache), false)
 4 SYSTEMPATH\Boot.php(325): CodeIgniter\CodeIgniter->run()
 5 SYSTEMPATH\Boot.php(67): CodeIgniter\Boot::runCodeIgniter(Object(CodeIgniter\CodeIgniter))
 6 FCPATH\index.php(66): CodeIgniter\Boot::bootWeb(Object(Config\Paths))
INFO - 2024-11-27 14:02:27 --> Session: Class initialized using 'CodeIgniter\Session\Handlers\FileHandler' driver.
ERROR - 2024-11-27 23:53:25 --> mysqli_sql_exception: Table 'clubs_managment_system.club' doesn't exist in C:\Users\Oussama\Desktop\University_clubs_management\ucm\backend\system\Database\MySQLi\Connection.php:312
Stack trace:
#0 C:\Users\Oussama\Desktop\University_clubs_management\ucm\backend\system\Database\MySQLi\Connection.php(312): mysqli->query('SELECT `club`.`...', 0)
#1 C:\Users\Oussama\Desktop\University_clubs_management\ucm\backend\system\Database\BaseConnection.php(734): CodeIgniter\Database\MySQLi\Connection->execute('SELECT `club`.`...')
#2 C:\Users\Oussama\Desktop\University_clubs_management\ucm\backend\system\Database\BaseConnection.php(648): CodeIgniter\Database\BaseConnection->simpleQuery('SELECT `club`.`...')
#3 C:\Users\Oussama\Desktop\University_clubs_management\ucm\backend\system\Database\BaseBuilder.php(1644): CodeIgniter\Database\BaseConnection->query('SELECT `club`.`...', Array, false)
#4 C:\Users\Oussama\Desktop\University_clubs_management\ucm\backend\app\Models\ClubMembershipModel.php(18): CodeIgniter\Database\BaseBuilder->get()
#5 C:\Users\Oussama\Desktop\University_clubs_management\ucm\backend\app\Controllers\UserController.php(191): App\Models\ClubMembershipModel->getClub('1')
#6 C:\Users\Oussama\Desktop\University_clubs_management\ucm\backend\system\CodeIgniter.php(933): App\Controllers\UserController->getuserByid('1')
#7 C:\Users\Oussama\Desktop\University_clubs_management\ucm\backend\system\CodeIgniter.php(509): CodeIgniter\CodeIgniter->runController(Object(App\Controllers\UserController))
#8 C:\Users\Oussama\Desktop\University_clubs_management\ucm\backend\system\CodeIgniter.php(355): CodeIgniter\CodeIgniter->handleRequest(NULL, Object(Config\Cache), false)
#9 C:\Users\Oussama\Desktop\University_clubs_management\ucm\backend\system\Boot.php(325): CodeIgniter\CodeIgniter->run()
#10 C:\Users\Oussama\Desktop\University_clubs_management\ucm\backend\system\Boot.php(67): CodeIgniter\Boot::runCodeIgniter(Object(CodeIgniter\CodeIgniter))
#11 C:\Users\Oussama\Desktop\University_clubs_management\ucm\backend\public\index.php(66): CodeIgniter\Boot::bootWeb(Object(Config\Paths))
#12 {main}
CRITICAL - 2024-11-27 23:53:25 --> CodeIgniter\Database\Exceptions\DatabaseException: Table 'clubs_managment_system.club' doesn't exist
[Method: GET, Route: user-number/1]
in SYSTEMPATH\Database\BaseConnection.php on line 688.
 1 SYSTEMPATH\Database\BaseBuilder.php(1644): CodeIgniter\Database\BaseConnection->query('SELECT `club`.`name` as `club_name`, `club`.`id` as `club_id`
FROM `clubmembership`
JOIN `club` ON `club`.`id` = `clubmembership`.`id_club`
WHERE `clubmembership`.`id` = :clubmembership.id:', [...], false)
 2 APPPATH\Models\ClubMembershipModel.php(18): CodeIgniter\Database\BaseBuilder->get()
 3 APPPATH\Controllers\UserController.php(191): App\Models\ClubMembershipModel->getClub('1')
 4 SYSTEMPATH\CodeIgniter.php(933): App\Controllers\UserController->getuserByid('1')
 5 SYSTEMPATH\CodeIgniter.php(509): CodeIgniter\CodeIgniter->runController(Object(App\Controllers\UserController))
 6 SYSTEMPATH\CodeIgniter.php(355): CodeIgniter\CodeIgniter->handleRequest(null, Object(Config\Cache), false)
 7 SYSTEMPATH\Boot.php(325): CodeIgniter\CodeIgniter->run()
 8 SYSTEMPATH\Boot.php(67): CodeIgniter\Boot::runCodeIgniter(Object(CodeIgniter\CodeIgniter))
 9 FCPATH\index.php(66): CodeIgniter\Boot::bootWeb(Object(Config\Paths))
CRITICAL - 2024-11-27 23:53:25 --> [Caused by] CodeIgniter\Database\Exceptions\DatabaseException: Table 'clubs_managment_system.club' doesn't exist
in SYSTEMPATH\Database\MySQLi\Connection.php on line 317.
 1 SYSTEMPATH\Database\BaseConnection.php(734): CodeIgniter\Database\MySQLi\Connection->execute('SELECT `club`.`name` as `club_name`, `club`.`id` as `club_id`
FROM `clubmembership`
JOIN `club` ON `club`.`id` = `clubmembership`.`id_club`
WHERE `clubmembership`.`id` = \'1\'')
 2 SYSTEMPATH\Database\BaseConnection.php(648): CodeIgniter\Database\BaseConnection->simpleQuery('SELECT `club`.`name` as `club_name`, `club`.`id` as `club_id`
FROM `clubmembership`
JOIN `club` ON `club`.`id` = `clubmembership`.`id_club`
WHERE `clubmembership`.`id` = \'1\'')
 3 SYSTEMPATH\Database\BaseBuilder.php(1644): CodeIgniter\Database\BaseConnection->query('SELECT `club`.`name` as `club_name`, `club`.`id` as `club_id`
FROM `clubmembership`
JOIN `club` ON `club`.`id` = `clubmembership`.`id_club`
WHERE `clubmembership`.`id` = :clubmembership.id:', [...], false)
 4 APPPATH\Models\ClubMembershipModel.php(18): CodeIgniter\Database\BaseBuilder->get()
 5 APPPATH\Controllers\UserController.php(191): App\Models\ClubMembershipModel->getClub('1')
 6 SYSTEMPATH\CodeIgniter.php(933): App\Controllers\UserController->getuserByid('1')
 7 SYSTEMPATH\CodeIgniter.php(509): CodeIgniter\CodeIgniter->runController(Object(App\Controllers\UserController))
 8 SYSTEMPATH\CodeIgniter.php(355): CodeIgniter\CodeIgniter->handleRequest(null, Object(Config\Cache), false)
 9 SYSTEMPATH\Boot.php(325): CodeIgniter\CodeIgniter->run()
10 SYSTEMPATH\Boot.php(67): CodeIgniter\Boot::runCodeIgniter(Object(CodeIgniter\CodeIgniter))
11 FCPATH\index.php(66): CodeIgniter\Boot::bootWeb(Object(Config\Paths))
CRITICAL - 2024-11-27 23:53:25 --> [Caused by] mysqli_sql_exception: Table 'clubs_managment_system.club' doesn't exist
in SYSTEMPATH\Database\MySQLi\Connection.php on line 312.
 1 SYSTEMPATH\Database\MySQLi\Connection.php(312): mysqli->query('SELECT `club`.`name` as `club_name`, `club`.`id` as `club_id`
FROM `clubmembership`
JOIN `club` ON `club`.`id` = `clubmembership`.`id_club`
WHERE `clubmembership`.`id` = \'1\'', 0)
 2 SYSTEMPATH\Database\BaseConnection.php(734): CodeIgniter\Database\MySQLi\Connection->execute('SELECT `club`.`name` as `club_name`, `club`.`id` as `club_id`
FROM `clubmembership`
JOIN `club` ON `club`.`id` = `clubmembership`.`id_club`
WHERE `clubmembership`.`id` = \'1\'')
 3 SYSTEMPATH\Database\BaseConnection.php(648): CodeIgniter\Database\BaseConnection->simpleQuery('SELECT `club`.`name` as `club_name`, `club`.`id` as `club_id`
FROM `clubmembership`
JOIN `club` ON `club`.`id` = `clubmembership`.`id_club`
WHERE `clubmembership`.`id` = \'1\'')
 4 SYSTEMPATH\Database\BaseBuilder.php(1644): CodeIgniter\Database\BaseConnection->query('SELECT `club`.`name` as `club_name`, `club`.`id` as `club_id`
FROM `clubmembership`
JOIN `club` ON `club`.`id` = `clubmembership`.`id_club`
WHERE `clubmembership`.`id` = :clubmembership.id:', [...], false)
 5 APPPATH\Models\ClubMembershipModel.php(18): CodeIgniter\Database\BaseBuilder->get()
 6 APPPATH\Controllers\UserController.php(191): App\Models\ClubMembershipModel->getClub('1')
 7 SYSTEMPATH\CodeIgniter.php(933): App\Controllers\UserController->getuserByid('1')
 8 SYSTEMPATH\CodeIgniter.php(509): CodeIgniter\CodeIgniter->runController(Object(App\Controllers\UserController))
 9 SYSTEMPATH\CodeIgniter.php(355): CodeIgniter\CodeIgniter->handleRequest(null, Object(Config\Cache), false)
10 SYSTEMPATH\Boot.php(325): CodeIgniter\CodeIgniter->run()
11 SYSTEMPATH\Boot.php(67): CodeIgniter\Boot::runCodeIgniter(Object(CodeIgniter\CodeIgniter))
12 FCPATH\index.php(66): CodeIgniter\Boot::bootWeb(Object(Config\Paths))
ERROR - 2024-11-27 23:53:38 --> mysqli_sql_exception: Table 'clubs_managment_system.club' doesn't exist in C:\Users\Oussama\Desktop\University_clubs_management\ucm\backend\system\Database\MySQLi\Connection.php:312
Stack trace:
#0 C:\Users\Oussama\Desktop\University_clubs_management\ucm\backend\system\Database\MySQLi\Connection.php(312): mysqli->query('SELECT `club`.`...', 0)
#1 C:\Users\Oussama\Desktop\University_clubs_management\ucm\backend\system\Database\BaseConnection.php(734): CodeIgniter\Database\MySQLi\Connection->execute('SELECT `club`.`...')
#2 C:\Users\Oussama\Desktop\University_clubs_management\ucm\backend\system\Database\BaseConnection.php(648): CodeIgniter\Database\BaseConnection->simpleQuery('SELECT `club`.`...')
#3 C:\Users\Oussama\Desktop\University_clubs_management\ucm\backend\system\Database\BaseBuilder.php(1644): CodeIgniter\Database\BaseConnection->query('SELECT `club`.`...', Array, false)
#4 C:\Users\Oussama\Desktop\University_clubs_management\ucm\backend\app\Models\ClubMembershipModel.php(18): CodeIgniter\Database\BaseBuilder->get()
#5 C:\Users\Oussama\Desktop\University_clubs_management\ucm\backend\app\Controllers\UserController.php(191): App\Models\ClubMembershipModel->getClub('1')
#6 C:\Users\Oussama\Desktop\University_clubs_management\ucm\backend\system\CodeIgniter.php(933): App\Controllers\UserController->getuserByid('1')
#7 C:\Users\Oussama\Desktop\University_clubs_management\ucm\backend\system\CodeIgniter.php(509): CodeIgniter\CodeIgniter->runController(Object(App\Controllers\UserController))
#8 C:\Users\Oussama\Desktop\University_clubs_management\ucm\backend\system\CodeIgniter.php(355): CodeIgniter\CodeIgniter->handleRequest(NULL, Object(Config\Cache), false)
#9 C:\Users\Oussama\Desktop\University_clubs_management\ucm\backend\system\Boot.php(325): CodeIgniter\CodeIgniter->run()
#10 C:\Users\Oussama\Desktop\University_clubs_management\ucm\backend\system\Boot.php(67): CodeIgniter\Boot::runCodeIgniter(Object(CodeIgniter\CodeIgniter))
#11 C:\Users\Oussama\Desktop\University_clubs_management\ucm\backend\public\index.php(66): CodeIgniter\Boot::bootWeb(Object(Config\Paths))
#12 {main}
CRITICAL - 2024-11-27 23:53:38 --> CodeIgniter\Database\Exceptions\DatabaseException: Table 'clubs_managment_system.club' doesn't exist
[Method: GET, Route: user-number/1]
in SYSTEMPATH\Database\BaseConnection.php on line 688.
 1 SYSTEMPATH\Database\BaseBuilder.php(1644): CodeIgniter\Database\BaseConnection->query('SELECT `club`.`name` as `club_name`, `club`.`id` as `club_id`
FROM `clubmembership`
JOIN `club` ON `club`.`id` = `clubmembership`.`id_club`
WHERE `clubmembership`.`id` = :clubmembership.id:', [...], false)
 2 APPPATH\Models\ClubMembershipModel.php(18): CodeIgniter\Database\BaseBuilder->get()
 3 APPPATH\Controllers\UserController.php(191): App\Models\ClubMembershipModel->getClub('1')
 4 SYSTEMPATH\CodeIgniter.php(933): App\Controllers\UserController->getuserByid('1')
 5 SYSTEMPATH\CodeIgniter.php(509): CodeIgniter\CodeIgniter->runController(Object(App\Controllers\UserController))
 6 SYSTEMPATH\CodeIgniter.php(355): CodeIgniter\CodeIgniter->handleRequest(null, Object(Config\Cache), false)
 7 SYSTEMPATH\Boot.php(325): CodeIgniter\CodeIgniter->run()
 8 SYSTEMPATH\Boot.php(67): CodeIgniter\Boot::runCodeIgniter(Object(CodeIgniter\CodeIgniter))
 9 FCPATH\index.php(66): CodeIgniter\Boot::bootWeb(Object(Config\Paths))
CRITICAL - 2024-11-27 23:53:38 --> [Caused by] CodeIgniter\Database\Exceptions\DatabaseException: Table 'clubs_managment_system.club' doesn't exist
in SYSTEMPATH\Database\MySQLi\Connection.php on line 317.
 1 SYSTEMPATH\Database\BaseConnection.php(734): CodeIgniter\Database\MySQLi\Connection->execute('SELECT `club`.`name` as `club_name`, `club`.`id` as `club_id`
FROM `clubmembership`
JOIN `club` ON `club`.`id` = `clubmembership`.`id_club`
WHERE `clubmembership`.`id` = \'1\'')
 2 SYSTEMPATH\Database\BaseConnection.php(648): CodeIgniter\Database\BaseConnection->simpleQuery('SELECT `club`.`name` as `club_name`, `club`.`id` as `club_id`
FROM `clubmembership`
JOIN `club` ON `club`.`id` = `clubmembership`.`id_club`
WHERE `clubmembership`.`id` = \'1\'')
 3 SYSTEMPATH\Database\BaseBuilder.php(1644): CodeIgniter\Database\BaseConnection->query('SELECT `club`.`name` as `club_name`, `club`.`id` as `club_id`
FROM `clubmembership`
JOIN `club` ON `club`.`id` = `clubmembership`.`id_club`
WHERE `clubmembership`.`id` = :clubmembership.id:', [...], false)
 4 APPPATH\Models\ClubMembershipModel.php(18): CodeIgniter\Database\BaseBuilder->get()
 5 APPPATH\Controllers\UserController.php(191): App\Models\ClubMembershipModel->getClub('1')
 6 SYSTEMPATH\CodeIgniter.php(933): App\Controllers\UserController->getuserByid('1')
 7 SYSTEMPATH\CodeIgniter.php(509): CodeIgniter\CodeIgniter->runController(Object(App\Controllers\UserController))
 8 SYSTEMPATH\CodeIgniter.php(355): CodeIgniter\CodeIgniter->handleRequest(null, Object(Config\Cache), false)
 9 SYSTEMPATH\Boot.php(325): CodeIgniter\CodeIgniter->run()
10 SYSTEMPATH\Boot.php(67): CodeIgniter\Boot::runCodeIgniter(Object(CodeIgniter\CodeIgniter))
11 FCPATH\index.php(66): CodeIgniter\Boot::bootWeb(Object(Config\Paths))
CRITICAL - 2024-11-27 23:53:38 --> [Caused by] mysqli_sql_exception: Table 'clubs_managment_system.club' doesn't exist
in SYSTEMPATH\Database\MySQLi\Connection.php on line 312.
 1 SYSTEMPATH\Database\MySQLi\Connection.php(312): mysqli->query('SELECT `club`.`name` as `club_name`, `club`.`id` as `club_id`
FROM `clubmembership`
JOIN `club` ON `club`.`id` = `clubmembership`.`id_club`
WHERE `clubmembership`.`id` = \'1\'', 0)
 2 SYSTEMPATH\Database\BaseConnection.php(734): CodeIgniter\Database\MySQLi\Connection->execute('SELECT `club`.`name` as `club_name`, `club`.`id` as `club_id`
FROM `clubmembership`
JOIN `club` ON `club`.`id` = `clubmembership`.`id_club`
WHERE `clubmembership`.`id` = \'1\'')
 3 SYSTEMPATH\Database\BaseConnection.php(648): CodeIgniter\Database\BaseConnection->simpleQuery('SELECT `club`.`name` as `club_name`, `club`.`id` as `club_id`
FROM `clubmembership`
JOIN `club` ON `club`.`id` = `clubmembership`.`id_club`
WHERE `clubmembership`.`id` = \'1\'')
 4 SYSTEMPATH\Database\BaseBuilder.php(1644): CodeIgniter\Database\BaseConnection->query('SELECT `club`.`name` as `club_name`, `club`.`id` as `club_id`
FROM `clubmembership`
JOIN `club` ON `club`.`id` = `clubmembership`.`id_club`
WHERE `clubmembership`.`id` = :clubmembership.id:', [...], false)
 5 APPPATH\Models\ClubMembershipModel.php(18): CodeIgniter\Database\BaseBuilder->get()
 6 APPPATH\Controllers\UserController.php(191): App\Models\ClubMembershipModel->getClub('1')
 7 SYSTEMPATH\CodeIgniter.php(933): App\Controllers\UserController->getuserByid('1')
 8 SYSTEMPATH\CodeIgniter.php(509): CodeIgniter\CodeIgniter->runController(Object(App\Controllers\UserController))
 9 SYSTEMPATH\CodeIgniter.php(355): CodeIgniter\CodeIgniter->handleRequest(null, Object(Config\Cache), false)
10 SYSTEMPATH\Boot.php(325): CodeIgniter\CodeIgniter->run()
11 SYSTEMPATH\Boot.php(67): CodeIgniter\Boot::runCodeIgniter(Object(CodeIgniter\CodeIgniter))
12 FCPATH\index.php(66): CodeIgniter\Boot::bootWeb(Object(Config\Paths))
ERROR - 2024-11-27 23:54:04 --> mysqli_sql_exception: Table 'clubs_managment_system.club' doesn't exist in C:\Users\Oussama\Desktop\University_clubs_management\ucm\backend\system\Database\MySQLi\Connection.php:312
Stack trace:
#0 C:\Users\Oussama\Desktop\University_clubs_management\ucm\backend\system\Database\MySQLi\Connection.php(312): mysqli->query('SELECT `club`.`...', 0)
#1 C:\Users\Oussama\Desktop\University_clubs_management\ucm\backend\system\Database\BaseConnection.php(734): CodeIgniter\Database\MySQLi\Connection->execute('SELECT `club`.`...')
#2 C:\Users\Oussama\Desktop\University_clubs_management\ucm\backend\system\Database\BaseConnection.php(648): CodeIgniter\Database\BaseConnection->simpleQuery('SELECT `club`.`...')
#3 C:\Users\Oussama\Desktop\University_clubs_management\ucm\backend\system\Database\BaseBuilder.php(1644): CodeIgniter\Database\BaseConnection->query('SELECT `club`.`...', Array, false)
#4 C:\Users\Oussama\Desktop\University_clubs_management\ucm\backend\app\Models\ClubMembershipModel.php(18): CodeIgniter\Database\BaseBuilder->get()
#5 C:\Users\Oussama\Desktop\University_clubs_management\ucm\backend\app\Controllers\UserController.php(191): App\Models\ClubMembershipModel->getClub('1')
#6 C:\Users\Oussama\Desktop\University_clubs_management\ucm\backend\system\CodeIgniter.php(933): App\Controllers\UserController->getuserByid('1')
#7 C:\Users\Oussama\Desktop\University_clubs_management\ucm\backend\system\CodeIgniter.php(509): CodeIgniter\CodeIgniter->runController(Object(App\Controllers\UserController))
#8 C:\Users\Oussama\Desktop\University_clubs_management\ucm\backend\system\CodeIgniter.php(355): CodeIgniter\CodeIgniter->handleRequest(NULL, Object(Config\Cache), false)
#9 C:\Users\Oussama\Desktop\University_clubs_management\ucm\backend\system\Boot.php(325): CodeIgniter\CodeIgniter->run()
#10 C:\Users\Oussama\Desktop\University_clubs_management\ucm\backend\system\Boot.php(67): CodeIgniter\Boot::runCodeIgniter(Object(CodeIgniter\CodeIgniter))
#11 C:\Users\Oussama\Desktop\University_clubs_management\ucm\backend\public\index.php(66): CodeIgniter\Boot::bootWeb(Object(Config\Paths))
#12 {main}
CRITICAL - 2024-11-27 23:54:04 --> CodeIgniter\Database\Exceptions\DatabaseException: Table 'clubs_managment_system.club' doesn't exist
[Method: GET, Route: user-number/1]
in SYSTEMPATH\Database\BaseConnection.php on line 688.
 1 SYSTEMPATH\Database\BaseBuilder.php(1644): CodeIgniter\Database\BaseConnection->query('SELECT `club`.`name` as `club_name`, `club`.`id` as `club_id`
FROM `clubmembership`
JOIN `club` ON `club`.`id` = `clubmembership`.`id_club`
WHERE `clubmembership`.`id` = :clubmembership.id:', [...], false)
 2 APPPATH\Models\ClubMembershipModel.php(18): CodeIgniter\Database\BaseBuilder->get()
 3 APPPATH\Controllers\UserController.php(191): App\Models\ClubMembershipModel->getClub('1')
 4 SYSTEMPATH\CodeIgniter.php(933): App\Controllers\UserController->getuserByid('1')
 5 SYSTEMPATH\CodeIgniter.php(509): CodeIgniter\CodeIgniter->runController(Object(App\Controllers\UserController))
 6 SYSTEMPATH\CodeIgniter.php(355): CodeIgniter\CodeIgniter->handleRequest(null, Object(Config\Cache), false)
 7 SYSTEMPATH\Boot.php(325): CodeIgniter\CodeIgniter->run()
 8 SYSTEMPATH\Boot.php(67): CodeIgniter\Boot::runCodeIgniter(Object(CodeIgniter\CodeIgniter))
 9 FCPATH\index.php(66): CodeIgniter\Boot::bootWeb(Object(Config\Paths))
CRITICAL - 2024-11-27 23:54:04 --> [Caused by] CodeIgniter\Database\Exceptions\DatabaseException: Table 'clubs_managment_system.club' doesn't exist
in SYSTEMPATH\Database\MySQLi\Connection.php on line 317.
 1 SYSTEMPATH\Database\BaseConnection.php(734): CodeIgniter\Database\MySQLi\Connection->execute('SELECT `club`.`name` as `club_name`, `club`.`id` as `club_id`
FROM `clubmembership`
JOIN `club` ON `club`.`id` = `clubmembership`.`id_club`
WHERE `clubmembership`.`id` = \'1\'')
 2 SYSTEMPATH\Database\BaseConnection.php(648): CodeIgniter\Database\BaseConnection->simpleQuery('SELECT `club`.`name` as `club_name`, `club`.`id` as `club_id`
FROM `clubmembership`
JOIN `club` ON `club`.`id` = `clubmembership`.`id_club`
WHERE `clubmembership`.`id` = \'1\'')
 3 SYSTEMPATH\Database\BaseBuilder.php(1644): CodeIgniter\Database\BaseConnection->query('SELECT `club`.`name` as `club_name`, `club`.`id` as `club_id`
FROM `clubmembership`
JOIN `club` ON `club`.`id` = `clubmembership`.`id_club`
WHERE `clubmembership`.`id` = :clubmembership.id:', [...], false)
 4 APPPATH\Models\ClubMembershipModel.php(18): CodeIgniter\Database\BaseBuilder->get()
 5 APPPATH\Controllers\UserController.php(191): App\Models\ClubMembershipModel->getClub('1')
 6 SYSTEMPATH\CodeIgniter.php(933): App\Controllers\UserController->getuserByid('1')
 7 SYSTEMPATH\CodeIgniter.php(509): CodeIgniter\CodeIgniter->runController(Object(App\Controllers\UserController))
 8 SYSTEMPATH\CodeIgniter.php(355): CodeIgniter\CodeIgniter->handleRequest(null, Object(Config\Cache), false)
 9 SYSTEMPATH\Boot.php(325): CodeIgniter\CodeIgniter->run()
10 SYSTEMPATH\Boot.php(67): CodeIgniter\Boot::runCodeIgniter(Object(CodeIgniter\CodeIgniter))
11 FCPATH\index.php(66): CodeIgniter\Boot::bootWeb(Object(Config\Paths))
CRITICAL - 2024-11-27 23:54:04 --> [Caused by] mysqli_sql_exception: Table 'clubs_managment_system.club' doesn't exist
in SYSTEMPATH\Database\MySQLi\Connection.php on line 312.
 1 SYSTEMPATH\Database\MySQLi\Connection.php(312): mysqli->query('SELECT `club`.`name` as `club_name`, `club`.`id` as `club_id`
FROM `clubmembership`
JOIN `club` ON `club`.`id` = `clubmembership`.`id_club`
WHERE `clubmembership`.`id` = \'1\'', 0)
 2 SYSTEMPATH\Database\BaseConnection.php(734): CodeIgniter\Database\MySQLi\Connection->execute('SELECT `club`.`name` as `club_name`, `club`.`id` as `club_id`
FROM `clubmembership`
JOIN `club` ON `club`.`id` = `clubmembership`.`id_club`
WHERE `clubmembership`.`id` = \'1\'')
 3 SYSTEMPATH\Database\BaseConnection.php(648): CodeIgniter\Database\BaseConnection->simpleQuery('SELECT `club`.`name` as `club_name`, `club`.`id` as `club_id`
FROM `clubmembership`
JOIN `club` ON `club`.`id` = `clubmembership`.`id_club`
WHERE `clubmembership`.`id` = \'1\'')
 4 SYSTEMPATH\Database\BaseBuilder.php(1644): CodeIgniter\Database\BaseConnection->query('SELECT `club`.`name` as `club_name`, `club`.`id` as `club_id`
FROM `clubmembership`
JOIN `club` ON `club`.`id` = `clubmembership`.`id_club`
WHERE `clubmembership`.`id` = :clubmembership.id:', [...], false)
 5 APPPATH\Models\ClubMembershipModel.php(18): CodeIgniter\Database\BaseBuilder->get()
 6 APPPATH\Controllers\UserController.php(191): App\Models\ClubMembershipModel->getClub('1')
 7 SYSTEMPATH\CodeIgniter.php(933): App\Controllers\UserController->getuserByid('1')
 8 SYSTEMPATH\CodeIgniter.php(509): CodeIgniter\CodeIgniter->runController(Object(App\Controllers\UserController))
 9 SYSTEMPATH\CodeIgniter.php(355): CodeIgniter\CodeIgniter->handleRequest(null, Object(Config\Cache), false)
10 SYSTEMPATH\Boot.php(325): CodeIgniter\CodeIgniter->run()
11 SYSTEMPATH\Boot.php(67): CodeIgniter\Boot::runCodeIgniter(Object(CodeIgniter\CodeIgniter))
12 FCPATH\index.php(66): CodeIgniter\Boot::bootWeb(Object(Config\Paths))
ERROR - 2024-11-27 23:55:15 --> mysqli_sql_exception: Table 'clubs_managment_system.club' doesn't exist in C:\Users\Oussama\Desktop\University_clubs_management\ucm\backend\system\Database\MySQLi\Connection.php:312
Stack trace:
#0 C:\Users\Oussama\Desktop\University_clubs_management\ucm\backend\system\Database\MySQLi\Connection.php(312): mysqli->query('SELECT `club`.`...', 0)
#1 C:\Users\Oussama\Desktop\University_clubs_management\ucm\backend\system\Database\BaseConnection.php(734): CodeIgniter\Database\MySQLi\Connection->execute('SELECT `club`.`...')
#2 C:\Users\Oussama\Desktop\University_clubs_management\ucm\backend\system\Database\BaseConnection.php(648): CodeIgniter\Database\BaseConnection->simpleQuery('SELECT `club`.`...')
#3 C:\Users\Oussama\Desktop\University_clubs_management\ucm\backend\system\Database\BaseBuilder.php(1644): CodeIgniter\Database\BaseConnection->query('SELECT `club`.`...', Array, false)
#4 C:\Users\Oussama\Desktop\University_clubs_management\ucm\backend\app\Models\ClubMembershipModel.php(18): CodeIgniter\Database\BaseBuilder->get()
#5 C:\Users\Oussama\Desktop\University_clubs_management\ucm\backend\app\Controllers\UserController.php(191): App\Models\ClubMembershipModel->getClub('1')
#6 C:\Users\Oussama\Desktop\University_clubs_management\ucm\backend\system\CodeIgniter.php(933): App\Controllers\UserController->getuserByid('1')
#7 C:\Users\Oussama\Desktop\University_clubs_management\ucm\backend\system\CodeIgniter.php(509): CodeIgniter\CodeIgniter->runController(Object(App\Controllers\UserController))
#8 C:\Users\Oussama\Desktop\University_clubs_management\ucm\backend\system\CodeIgniter.php(355): CodeIgniter\CodeIgniter->handleRequest(NULL, Object(Config\Cache), false)
#9 C:\Users\Oussama\Desktop\University_clubs_management\ucm\backend\system\Boot.php(325): CodeIgniter\CodeIgniter->run()
#10 C:\Users\Oussama\Desktop\University_clubs_management\ucm\backend\system\Boot.php(67): CodeIgniter\Boot::runCodeIgniter(Object(CodeIgniter\CodeIgniter))
#11 C:\Users\Oussama\Desktop\University_clubs_management\ucm\backend\public\index.php(66): CodeIgniter\Boot::bootWeb(Object(Config\Paths))
#12 {main}
CRITICAL - 2024-11-27 23:55:15 --> CodeIgniter\Database\Exceptions\DatabaseException: Table 'clubs_managment_system.club' doesn't exist
[Method: GET, Route: user-number/1]
in SYSTEMPATH\Database\BaseConnection.php on line 688.
 1 SYSTEMPATH\Database\BaseBuilder.php(1644): CodeIgniter\Database\BaseConnection->query('SELECT `club`.`name` as `club_name`, `club`.`id` as `club_id`
FROM `clubmembership`
JOIN `club` ON `club`.`id` = `clubmembership`.`id_club`
WHERE `clubmembership`.`id` = :clubmembership.id:', [...], false)
 2 APPPATH\Models\ClubMembershipModel.php(18): CodeIgniter\Database\BaseBuilder->get()
 3 APPPATH\Controllers\UserController.php(191): App\Models\ClubMembershipModel->getClub('1')
 4 SYSTEMPATH\CodeIgniter.php(933): App\Controllers\UserController->getuserByid('1')
 5 SYSTEMPATH\CodeIgniter.php(509): CodeIgniter\CodeIgniter->runController(Object(App\Controllers\UserController))
 6 SYSTEMPATH\CodeIgniter.php(355): CodeIgniter\CodeIgniter->handleRequest(null, Object(Config\Cache), false)
 7 SYSTEMPATH\Boot.php(325): CodeIgniter\CodeIgniter->run()
 8 SYSTEMPATH\Boot.php(67): CodeIgniter\Boot::runCodeIgniter(Object(CodeIgniter\CodeIgniter))
 9 FCPATH\index.php(66): CodeIgniter\Boot::bootWeb(Object(Config\Paths))
CRITICAL - 2024-11-27 23:55:15 --> [Caused by] CodeIgniter\Database\Exceptions\DatabaseException: Table 'clubs_managment_system.club' doesn't exist
in SYSTEMPATH\Database\MySQLi\Connection.php on line 317.
 1 SYSTEMPATH\Database\BaseConnection.php(734): CodeIgniter\Database\MySQLi\Connection->execute('SELECT `club`.`name` as `club_name`, `club`.`id` as `club_id`
FROM `clubmembership`
JOIN `club` ON `club`.`id` = `clubmembership`.`id_club`
WHERE `clubmembership`.`id` = \'1\'')
 2 SYSTEMPATH\Database\BaseConnection.php(648): CodeIgniter\Database\BaseConnection->simpleQuery('SELECT `club`.`name` as `club_name`, `club`.`id` as `club_id`
FROM `clubmembership`
JOIN `club` ON `club`.`id` = `clubmembership`.`id_club`
WHERE `clubmembership`.`id` = \'1\'')
 3 SYSTEMPATH\Database\BaseBuilder.php(1644): CodeIgniter\Database\BaseConnection->query('SELECT `club`.`name` as `club_name`, `club`.`id` as `club_id`
FROM `clubmembership`
JOIN `club` ON `club`.`id` = `clubmembership`.`id_club`
WHERE `clubmembership`.`id` = :clubmembership.id:', [...], false)
 4 APPPATH\Models\ClubMembershipModel.php(18): CodeIgniter\Database\BaseBuilder->get()
 5 APPPATH\Controllers\UserController.php(191): App\Models\ClubMembershipModel->getClub('1')
 6 SYSTEMPATH\CodeIgniter.php(933): App\Controllers\UserController->getuserByid('1')
 7 SYSTEMPATH\CodeIgniter.php(509): CodeIgniter\CodeIgniter->runController(Object(App\Controllers\UserController))
 8 SYSTEMPATH\CodeIgniter.php(355): CodeIgniter\CodeIgniter->handleRequest(null, Object(Config\Cache), false)
 9 SYSTEMPATH\Boot.php(325): CodeIgniter\CodeIgniter->run()
10 SYSTEMPATH\Boot.php(67): CodeIgniter\Boot::runCodeIgniter(Object(CodeIgniter\CodeIgniter))
11 FCPATH\index.php(66): CodeIgniter\Boot::bootWeb(Object(Config\Paths))
CRITICAL - 2024-11-27 23:55:15 --> [Caused by] mysqli_sql_exception: Table 'clubs_managment_system.club' doesn't exist
in SYSTEMPATH\Database\MySQLi\Connection.php on line 312.
 1 SYSTEMPATH\Database\MySQLi\Connection.php(312): mysqli->query('SELECT `club`.`name` as `club_name`, `club`.`id` as `club_id`
FROM `clubmembership`
JOIN `club` ON `club`.`id` = `clubmembership`.`id_club`
WHERE `clubmembership`.`id` = \'1\'', 0)
 2 SYSTEMPATH\Database\BaseConnection.php(734): CodeIgniter\Database\MySQLi\Connection->execute('SELECT `club`.`name` as `club_name`, `club`.`id` as `club_id`
FROM `clubmembership`
JOIN `club` ON `club`.`id` = `clubmembership`.`id_club`
WHERE `clubmembership`.`id` = \'1\'')
 3 SYSTEMPATH\Database\BaseConnection.php(648): CodeIgniter\Database\BaseConnection->simpleQuery('SELECT `club`.`name` as `club_name`, `club`.`id` as `club_id`
FROM `clubmembership`
JOIN `club` ON `club`.`id` = `clubmembership`.`id_club`
WHERE `clubmembership`.`id` = \'1\'')
 4 SYSTEMPATH\Database\BaseBuilder.php(1644): CodeIgniter\Database\BaseConnection->query('SELECT `club`.`name` as `club_name`, `club`.`id` as `club_id`
FROM `clubmembership`
JOIN `club` ON `club`.`id` = `clubmembership`.`id_club`
WHERE `clubmembership`.`id` = :clubmembership.id:', [...], false)
 5 APPPATH\Models\ClubMembershipModel.php(18): CodeIgniter\Database\BaseBuilder->get()
 6 APPPATH\Controllers\UserController.php(191): App\Models\ClubMembershipModel->getClub('1')
 7 SYSTEMPATH\CodeIgniter.php(933): App\Controllers\UserController->getuserByid('1')
 8 SYSTEMPATH\CodeIgniter.php(509): CodeIgniter\CodeIgniter->runController(Object(App\Controllers\UserController))
 9 SYSTEMPATH\CodeIgniter.php(355): CodeIgniter\CodeIgniter->handleRequest(null, Object(Config\Cache), false)
10 SYSTEMPATH\Boot.php(325): CodeIgniter\CodeIgniter->run()
11 SYSTEMPATH\Boot.php(67): CodeIgniter\Boot::runCodeIgniter(Object(CodeIgniter\CodeIgniter))
12 FCPATH\index.php(66): CodeIgniter\Boot::bootWeb(Object(Config\Paths))
ERROR - 2024-11-27 23:57:58 --> mysqli_sql_exception: Table 'clubs_managment_system.club' doesn't exist in C:\Users\Oussama\Desktop\University_clubs_management\ucm\backend\system\Database\MySQLi\Connection.php:312
Stack trace:
#0 C:\Users\Oussama\Desktop\University_clubs_management\ucm\backend\system\Database\MySQLi\Connection.php(312): mysqli->query('SELECT `club`.`...', 0)
#1 C:\Users\Oussama\Desktop\University_clubs_management\ucm\backend\system\Database\BaseConnection.php(734): CodeIgniter\Database\MySQLi\Connection->execute('SELECT `club`.`...')
#2 C:\Users\Oussama\Desktop\University_clubs_management\ucm\backend\system\Database\BaseConnection.php(648): CodeIgniter\Database\BaseConnection->simpleQuery('SELECT `club`.`...')
#3 C:\Users\Oussama\Desktop\University_clubs_management\ucm\backend\system\Database\BaseBuilder.php(1644): CodeIgniter\Database\BaseConnection->query('SELECT `club`.`...', Array, false)
#4 C:\Users\Oussama\Desktop\University_clubs_management\ucm\backend\app\Models\ClubMembershipModel.php(18): CodeIgniter\Database\BaseBuilder->get()
#5 C:\Users\Oussama\Desktop\University_clubs_management\ucm\backend\app\Controllers\UserController.php(191): App\Models\ClubMembershipModel->getClub('1')
#6 C:\Users\Oussama\Desktop\University_clubs_management\ucm\backend\system\CodeIgniter.php(933): App\Controllers\UserController->getuserByid('1')
#7 C:\Users\Oussama\Desktop\University_clubs_management\ucm\backend\system\CodeIgniter.php(509): CodeIgniter\CodeIgniter->runController(Object(App\Controllers\UserController))
#8 C:\Users\Oussama\Desktop\University_clubs_management\ucm\backend\system\CodeIgniter.php(355): CodeIgniter\CodeIgniter->handleRequest(NULL, Object(Config\Cache), false)
#9 C:\Users\Oussama\Desktop\University_clubs_management\ucm\backend\system\Boot.php(325): CodeIgniter\CodeIgniter->run()
#10 C:\Users\Oussama\Desktop\University_clubs_management\ucm\backend\system\Boot.php(67): CodeIgniter\Boot::runCodeIgniter(Object(CodeIgniter\CodeIgniter))
#11 C:\Users\Oussama\Desktop\University_clubs_management\ucm\backend\public\index.php(66): CodeIgniter\Boot::bootWeb(Object(Config\Paths))
#12 {main}
CRITICAL - 2024-11-27 23:57:58 --> CodeIgniter\Database\Exceptions\DatabaseException: Table 'clubs_managment_system.club' doesn't exist
[Method: GET, Route: user-number/1]
in SYSTEMPATH\Database\BaseConnection.php on line 688.
 1 SYSTEMPATH\Database\BaseBuilder.php(1644): CodeIgniter\Database\BaseConnection->query('SELECT `club`.`name` as `club_name`, `club`.`id` as `club_id`
FROM `clubmembership`
JOIN `club` ON `club`.`id` = `clubmembership`.`id_club`
WHERE `clubmembership`.`id` = :clubmembership.id:', [...], false)
 2 APPPATH\Models\ClubMembershipModel.php(18): CodeIgniter\Database\BaseBuilder->get()
 3 APPPATH\Controllers\UserController.php(191): App\Models\ClubMembershipModel->getClub('1')
 4 SYSTEMPATH\CodeIgniter.php(933): App\Controllers\UserController->getuserByid('1')
 5 SYSTEMPATH\CodeIgniter.php(509): CodeIgniter\CodeIgniter->runController(Object(App\Controllers\UserController))
 6 SYSTEMPATH\CodeIgniter.php(355): CodeIgniter\CodeIgniter->handleRequest(null, Object(Config\Cache), false)
 7 SYSTEMPATH\Boot.php(325): CodeIgniter\CodeIgniter->run()
 8 SYSTEMPATH\Boot.php(67): CodeIgniter\Boot::runCodeIgniter(Object(CodeIgniter\CodeIgniter))
 9 FCPATH\index.php(66): CodeIgniter\Boot::bootWeb(Object(Config\Paths))
CRITICAL - 2024-11-27 23:57:58 --> [Caused by] CodeIgniter\Database\Exceptions\DatabaseException: Table 'clubs_managment_system.club' doesn't exist
in SYSTEMPATH\Database\MySQLi\Connection.php on line 317.
 1 SYSTEMPATH\Database\BaseConnection.php(734): CodeIgniter\Database\MySQLi\Connection->execute('SELECT `club`.`name` as `club_name`, `club`.`id` as `club_id`
FROM `clubmembership`
JOIN `club` ON `club`.`id` = `clubmembership`.`id_club`
WHERE `clubmembership`.`id` = \'1\'')
 2 SYSTEMPATH\Database\BaseConnection.php(648): CodeIgniter\Database\BaseConnection->simpleQuery('SELECT `club`.`name` as `club_name`, `club`.`id` as `club_id`
FROM `clubmembership`
JOIN `club` ON `club`.`id` = `clubmembership`.`id_club`
WHERE `clubmembership`.`id` = \'1\'')
 3 SYSTEMPATH\Database\BaseBuilder.php(1644): CodeIgniter\Database\BaseConnection->query('SELECT `club`.`name` as `club_name`, `club`.`id` as `club_id`
FROM `clubmembership`
JOIN `club` ON `club`.`id` = `clubmembership`.`id_club`
WHERE `clubmembership`.`id` = :clubmembership.id:', [...], false)
 4 APPPATH\Models\ClubMembershipModel.php(18): CodeIgniter\Database\BaseBuilder->get()
 5 APPPATH\Controllers\UserController.php(191): App\Models\ClubMembershipModel->getClub('1')
 6 SYSTEMPATH\CodeIgniter.php(933): App\Controllers\UserController->getuserByid('1')
 7 SYSTEMPATH\CodeIgniter.php(509): CodeIgniter\CodeIgniter->runController(Object(App\Controllers\UserController))
 8 SYSTEMPATH\CodeIgniter.php(355): CodeIgniter\CodeIgniter->handleRequest(null, Object(Config\Cache), false)
 9 SYSTEMPATH\Boot.php(325): CodeIgniter\CodeIgniter->run()
10 SYSTEMPATH\Boot.php(67): CodeIgniter\Boot::runCodeIgniter(Object(CodeIgniter\CodeIgniter))
11 FCPATH\index.php(66): CodeIgniter\Boot::bootWeb(Object(Config\Paths))
CRITICAL - 2024-11-27 23:57:58 --> [Caused by] mysqli_sql_exception: Table 'clubs_managment_system.club' doesn't exist
in SYSTEMPATH\Database\MySQLi\Connection.php on line 312.
 1 SYSTEMPATH\Database\MySQLi\Connection.php(312): mysqli->query('SELECT `club`.`name` as `club_name`, `club`.`id` as `club_id`
FROM `clubmembership`
JOIN `club` ON `club`.`id` = `clubmembership`.`id_club`
WHERE `clubmembership`.`id` = \'1\'', 0)
 2 SYSTEMPATH\Database\BaseConnection.php(734): CodeIgniter\Database\MySQLi\Connection->execute('SELECT `club`.`name` as `club_name`, `club`.`id` as `club_id`
FROM `clubmembership`
JOIN `club` ON `club`.`id` = `clubmembership`.`id_club`
WHERE `clubmembership`.`id` = \'1\'')
 3 SYSTEMPATH\Database\BaseConnection.php(648): CodeIgniter\Database\BaseConnection->simpleQuery('SELECT `club`.`name` as `club_name`, `club`.`id` as `club_id`
FROM `clubmembership`
JOIN `club` ON `club`.`id` = `clubmembership`.`id_club`
WHERE `clubmembership`.`id` = \'1\'')
 4 SYSTEMPATH\Database\BaseBuilder.php(1644): CodeIgniter\Database\BaseConnection->query('SELECT `club`.`name` as `club_name`, `club`.`id` as `club_id`
FROM `clubmembership`
JOIN `club` ON `club`.`id` = `clubmembership`.`id_club`
WHERE `clubmembership`.`id` = :clubmembership.id:', [...], false)
 5 APPPATH\Models\ClubMembershipModel.php(18): CodeIgniter\Database\BaseBuilder->get()
 6 APPPATH\Controllers\UserController.php(191): App\Models\ClubMembershipModel->getClub('1')
 7 SYSTEMPATH\CodeIgniter.php(933): App\Controllers\UserController->getuserByid('1')
 8 SYSTEMPATH\CodeIgniter.php(509): CodeIgniter\CodeIgniter->runController(Object(App\Controllers\UserController))
 9 SYSTEMPATH\CodeIgniter.php(355): CodeIgniter\CodeIgniter->handleRequest(null, Object(Config\Cache), false)
10 SYSTEMPATH\Boot.php(325): CodeIgniter\CodeIgniter->run()
11 SYSTEMPATH\Boot.php(67): CodeIgniter\Boot::runCodeIgniter(Object(CodeIgniter\CodeIgniter))
12 FCPATH\index.php(66): CodeIgniter\Boot::bootWeb(Object(Config\Paths))
