INFO - 2024-11-25 11:23:53 --> Session: Class initialized using 'CodeIgniter\Session\Handlers\FileHandler' driver.
INFO - 2024-11-25 11:36:01 --> Session: Class initialized using 'CodeIgniter\Session\Handlers\FileHandler' driver.
INFO - 2024-11-25 11:50:33 --> Session: Class initialized using 'CodeIgniter\Session\Handlers\FileHandler' driver.
CRITICAL - 2024-11-25 11:52:25 --> CodeIgniter\HTTP\Exceptions\HTTPException: Could not move file "php24E.tmp" to "D:\FSA Courses\S5\Programation web dynamique\University_clubs_management\ucm\backend\public\uploads/users/". Reason: 
[Method: POST, Route: register]
in SYSTEMPATH\HTTP\Files\UploadedFile.php on line 154.
 1 SYSTEMPATH\HTTP\Files\UploadedFile.php(154): CodeIgniter\HTTP\Exceptions\HTTPException::forMoveFailed('php24E.tmp', 'D:\\FSA Courses\\S5\\Programation web dynamique\\University_clubs_management\\ucm\\backend\\public\\uploads/users/', '')
 2 APPPATH\Controllers\UserController.php(157): CodeIgniter\HTTP\Files\UploadedFile->move('D:\\FSA Courses\\S5\\Programation web dynamique\\University_clubs_management\\ucm\\backend\\public\\uploads/users/', 'undefined_1732535545.')
 3 SYSTEMPATH\CodeIgniter.php(933): App\Controllers\UserController->register()
 4 SYSTEMPATH\CodeIgniter.php(509): CodeIgniter\CodeIgniter->runController(Object(App\Controllers\UserController))
 5 SYSTEMPATH\CodeIgniter.php(355): CodeIgniter\CodeIgniter->handleRequest(null, Object(Config\Cache), false)
 6 SYSTEMPATH\Boot.php(325): CodeIgniter\CodeIgniter->run()
 7 SYSTEMPATH\Boot.php(67): CodeIgniter\Boot::runCodeIgniter(Object(CodeIgniter\CodeIgniter))
 8 FCPATH\index.php(66): CodeIgniter\Boot::bootWeb(Object(Config\Paths))
CRITICAL - 2024-11-25 11:55:43 --> CodeIgniter\HTTP\Exceptions\HTTPException: Could not move file "php86B.tmp" to "D:\FSA Courses\S5\Programation web dynamique\University_clubs_management\ucm\backend\public\uploads/users/". Reason: 
[Method: POST, Route: register]
in SYSTEMPATH\HTTP\Files\UploadedFile.php on line 154.
 1 SYSTEMPATH\HTTP\Files\UploadedFile.php(154): CodeIgniter\HTTP\Exceptions\HTTPException::forMoveFailed('php86B.tmp', 'D:\\FSA Courses\\S5\\Programation web dynamique\\University_clubs_management\\ucm\\backend\\public\\uploads/users/', '')
 2 APPPATH\Controllers\UserController.php(157): CodeIgniter\HTTP\Files\UploadedFile->move('D:\\FSA Courses\\S5\\Programation web dynamique\\University_clubs_management\\ucm\\backend\\public\\uploads/users/', 'undefined_1732535743.')
 3 SYSTEMPATH\CodeIgniter.php(933): App\Controllers\UserController->register()
 4 SYSTEMPATH\CodeIgniter.php(509): CodeIgniter\CodeIgniter->runController(Object(App\Controllers\UserController))
 5 SYSTEMPATH\CodeIgniter.php(355): CodeIgniter\CodeIgniter->handleRequest(null, Object(Config\Cache), false)
 6 SYSTEMPATH\Boot.php(325): CodeIgniter\CodeIgniter->run()
 7 SYSTEMPATH\Boot.php(67): CodeIgniter\Boot::runCodeIgniter(Object(CodeIgniter\CodeIgniter))
 8 FCPATH\index.php(66): CodeIgniter\Boot::bootWeb(Object(Config\Paths))
CRITICAL - 2024-11-25 14:10:33 --> ArgumentCountError: Too few arguments to function App\Controllers\UserController::deleteUser(), 0 passed in D:\FSA Courses\S5\Programation web dynamique\University_clubs_management\ucm\backend\system\CodeIgniter.php on line 933 and exactly 1 expected
[Method: POST, Route: deleteUser]
in APPPATH\Controllers\UserController.php on line 240.
 1 SYSTEMPATH\CodeIgniter.php(933): App\Controllers\UserController->deleteUser()
 2 SYSTEMPATH\CodeIgniter.php(509): CodeIgniter\CodeIgniter->runController(Object(App\Controllers\UserController))
 3 SYSTEMPATH\CodeIgniter.php(355): CodeIgniter\CodeIgniter->handleRequest(null, Object(Config\Cache), false)
 4 SYSTEMPATH\Boot.php(325): CodeIgniter\CodeIgniter->run()
 5 SYSTEMPATH\Boot.php(67): CodeIgniter\Boot::runCodeIgniter(Object(CodeIgniter\CodeIgniter))
 6 FCPATH\index.php(66): CodeIgniter\Boot::bootWeb(Object(Config\Paths))
CRITICAL - 2024-11-25 14:11:21 --> ArgumentCountError: Too few arguments to function App\Controllers\UserController::deleteUser(), 0 passed in D:\FSA Courses\S5\Programation web dynamique\University_clubs_management\ucm\backend\system\CodeIgniter.php on line 933 and exactly 1 expected
[Method: POST, Route: deleteUser]
in APPPATH\Controllers\UserController.php on line 240.
 1 SYSTEMPATH\CodeIgniter.php(933): App\Controllers\UserController->deleteUser()
 2 SYSTEMPATH\CodeIgniter.php(509): CodeIgniter\CodeIgniter->runController(Object(App\Controllers\UserController))
 3 SYSTEMPATH\CodeIgniter.php(355): CodeIgniter\CodeIgniter->handleRequest(null, Object(Config\Cache), false)
 4 SYSTEMPATH\Boot.php(325): CodeIgniter\CodeIgniter->run()
 5 SYSTEMPATH\Boot.php(67): CodeIgniter\Boot::runCodeIgniter(Object(CodeIgniter\CodeIgniter))
 6 FCPATH\index.php(66): CodeIgniter\Boot::bootWeb(Object(Config\Paths))
CRITICAL - 2024-11-25 14:11:45 --> ArgumentCountError: Too few arguments to function App\Controllers\UserController::deleteUser(), 0 passed in D:\FSA Courses\S5\Programation web dynamique\University_clubs_management\ucm\backend\system\CodeIgniter.php on line 933 and exactly 1 expected
[Method: POST, Route: deleteUser]
in APPPATH\Controllers\UserController.php on line 240.
 1 SYSTEMPATH\CodeIgniter.php(933): App\Controllers\UserController->deleteUser()
 2 SYSTEMPATH\CodeIgniter.php(509): CodeIgniter\CodeIgniter->runController(Object(App\Controllers\UserController))
 3 SYSTEMPATH\CodeIgniter.php(355): CodeIgniter\CodeIgniter->handleRequest(null, Object(Config\Cache), false)
 4 SYSTEMPATH\Boot.php(325): CodeIgniter\CodeIgniter->run()
 5 SYSTEMPATH\Boot.php(67): CodeIgniter\Boot::runCodeIgniter(Object(CodeIgniter\CodeIgniter))
 6 FCPATH\index.php(66): CodeIgniter\Boot::bootWeb(Object(Config\Paths))
CRITICAL - 2024-11-25 14:12:19 --> Error: Call to undefined method CodeIgniter\Database\MySQLi\Connection::where()
[Method: POST, Route: deleteUser]
in APPPATH\Controllers\UserController.php on line 255.
 1 SYSTEMPATH\CodeIgniter.php(933): App\Controllers\UserController->deleteUser()
 2 SYSTEMPATH\CodeIgniter.php(509): CodeIgniter\CodeIgniter->runController(Object(App\Controllers\UserController))
 3 SYSTEMPATH\CodeIgniter.php(355): CodeIgniter\CodeIgniter->handleRequest(null, Object(Config\Cache), false)
 4 SYSTEMPATH\Boot.php(325): CodeIgniter\CodeIgniter->run()
 5 SYSTEMPATH\Boot.php(67): CodeIgniter\Boot::runCodeIgniter(Object(CodeIgniter\CodeIgniter))
 6 FCPATH\index.php(66): CodeIgniter\Boot::bootWeb(Object(Config\Paths))
ERROR - 2024-11-25 14:47:36 --> Validation errors: {"id_president":"The id_president field is required.","qr_code":"qr_code is not a valid uploaded file.","status":"The status field is required."}
ERROR - 2024-11-25 14:48:01 --> Validation errors: {"id_president":"The id_president field is required.","qr_code":"qr_code is not a valid uploaded file.","status":"The status field is required."}
ERROR - 2024-11-25 14:48:15 --> Validation errors: {"id_president":"The id_president field is required.","qr_code":"qr_code is not a valid uploaded file.","status":"The status field is required."}
ERROR - 2024-11-25 14:48:24 --> Validation errors: {"id_president":"The id_president field is required.","qr_code":"qr_code is not a valid uploaded file.","status":"The status field is required."}
ERROR - 2024-11-25 14:48:30 --> Validation errors: {"id_president":"The id_president field is required.","qr_code":"qr_code is not a valid uploaded file.","status":"The status field is required."}
ERROR - 2024-11-25 14:48:39 --> Validation errors: {"id_president":"The id_president field is required.","qr_code":"qr_code is not a valid uploaded file.","status":"The status field is required."}
ERROR - 2024-11-25 14:48:49 --> Validation errors: {"id_president":"The id_president field is required.","qr_code":"qr_code is not a valid uploaded file.","status":"The status field is required."}
ERROR - 2024-11-25 14:49:42 --> Validation errors: {"qr_code":"qr_code is not a valid uploaded file.","status":"The status field is required."}
ERROR - 2024-11-25 14:50:02 --> Validation errors: {"qr_code":"qr_code is not a valid uploaded file."}
CRITICAL - 2024-11-25 14:51:39 --> Error: Call to a member function isValid() on null
[Method: POST, Route: add-club]
in APPPATH\Controllers\ClubController.php on line 72.
 1 SYSTEMPATH\CodeIgniter.php(933): App\Controllers\ClubController->addClub()
 2 SYSTEMPATH\CodeIgniter.php(509): CodeIgniter\CodeIgniter->runController(Object(App\Controllers\ClubController))
 3 SYSTEMPATH\CodeIgniter.php(355): CodeIgniter\CodeIgniter->handleRequest(null, Object(Config\Cache), false)
 4 SYSTEMPATH\Boot.php(325): CodeIgniter\CodeIgniter->run()
 5 SYSTEMPATH\Boot.php(67): CodeIgniter\Boot::runCodeIgniter(Object(CodeIgniter\CodeIgniter))
 6 FCPATH\index.php(66): CodeIgniter\Boot::bootWeb(Object(Config\Paths))
INFO - 2024-11-25 15:59:07 --> Session: Class initialized using 'CodeIgniter\Session\Handlers\FileHandler' driver.
INFO - 2024-11-25 18:54:41 --> Session: Class initialized using 'CodeIgniter\Session\Handlers\FileHandler' driver.
