ERROR - 2024-12-04 10:02:30 --> Email: sendWithSmtp throwed ErrorException: fsockopen(): SSL operation failed with code 1. OpenSSL Error messages:
error:0A000086:SSL routines::certificate verify failed in C:\Users\Oussama\Desktop\University_clubs_management\ucm\backend\system\Email\Email.php:1896
Stack trace:
#0 [internal function]: CodeIgniter\Debug\Exceptions->errorHandler(2, 'fsockopen(): SS...', 'C:\\Users\\Oussam...', 1896)
#1 C:\Users\Oussama\Desktop\University_clubs_management\ucm\backend\system\Email\Email.php(1896): fsockopen('tls://smtp.gmai...', 465, NULL, NULL, 5)
#2 C:\Users\Oussama\Desktop\University_clubs_management\ucm\backend\system\Email\Email.php(1809): CodeIgniter\Email\Email->SMTPConnect()
#3 C:\Users\Oussama\Desktop\University_clubs_management\ucm\backend\system\Email\Email.php(1694): CodeIgniter\Email\Email->sendWithSmtp()
#4 C:\Users\Oussama\Desktop\University_clubs_management\ucm\backend\system\Email\Email.php(1589): CodeIgniter\Email\Email->spoolEmail()
#5 C:\Users\Oussama\Desktop\University_clubs_management\ucm\backend\app\Controllers\UserController.php(464): CodeIgniter\Email\Email->send()
#6 C:\Users\Oussama\Desktop\University_clubs_management\ucm\backend\system\CodeIgniter.php(933): App\Controllers\UserController->forgotPassword()
#7 C:\Users\Oussama\Desktop\University_clubs_management\ucm\backend\system\CodeIgniter.php(509): CodeIgniter\CodeIgniter->runController(Object(App\Controllers\UserController))
#8 C:\Users\Oussama\Desktop\University_clubs_management\ucm\backend\system\CodeIgniter.php(355): CodeIgniter\CodeIgniter->handleRequest(NULL, Object(Config\Cache), false)
#9 C:\Users\Oussama\Desktop\University_clubs_management\ucm\backend\system\Boot.php(325): CodeIgniter\CodeIgniter->run()
#10 C:\Users\Oussama\Desktop\University_clubs_management\ucm\backend\system\Boot.php(67): CodeIgniter\Boot::runCodeIgniter(Object(CodeIgniter\CodeIgniter))
#11 C:\Users\Oussama\Desktop\University_clubs_management\ucm\backend\public\index.php(66): CodeIgniter\Boot::bootWeb(Object(Config\Paths))
#12 {main}
ERROR - 2024-12-04 10:02:30 --> Email: Unable to send email using SMTP. Your server might not be configured to send mail using this method.
ERROR - 2024-12-04 10:02:30 --> 
ERROR - 2024-12-04 10:22:03 --> mysqli_sql_exception: Can't create table `clubs_managment_system`.`clubmembership` (errno: 150 "Foreign key constraint is incorrectly formed") in C:\Users\Oussama\Desktop\University_clubs_management\ucm\backend\system\Database\MySQLi\Connection.php:312
Stack trace:
#0 C:\Users\Oussama\Desktop\University_clubs_management\ucm\backend\system\Database\MySQLi\Connection.php(312): mysqli->query('CREATE TABLE `c...', 0)
#1 C:\Users\Oussama\Desktop\University_clubs_management\ucm\backend\system\Database\BaseConnection.php(734): CodeIgniter\Database\MySQLi\Connection->execute('CREATE TABLE `c...')
#2 C:\Users\Oussama\Desktop\University_clubs_management\ucm\backend\system\Database\BaseConnection.php(648): CodeIgniter\Database\BaseConnection->simpleQuery('CREATE TABLE `c...')
#3 C:\Users\Oussama\Desktop\University_clubs_management\ucm\backend\system\Database\Forge.php(570): CodeIgniter\Database\BaseConnection->query('CREATE TABLE `c...')
#4 C:\Users\Oussama\Desktop\University_clubs_management\ucm\backend\app\Database\Migrations\2024-11-10-193710_CreateClubMembershipTable.php(54): CodeIgniter\Database\Forge->createTable('clubmembership')
#5 C:\Users\Oussama\Desktop\University_clubs_management\ucm\backend\system\Database\MigrationRunner.php(867): App\Database\Migrations\CreateClubMembershipTable->up()
#6 C:\Users\Oussama\Desktop\University_clubs_management\ucm\backend\system\Database\MigrationRunner.php(183): CodeIgniter\Database\MigrationRunner->migrate('up', Object(stdClass))
#7 C:\Users\Oussama\Desktop\University_clubs_management\ucm\backend\system\Commands\Database\Migrate.php(85): CodeIgniter\Database\MigrationRunner->latest(NULL)
#8 C:\Users\Oussama\Desktop\University_clubs_management\ucm\backend\system\CLI\Commands.php(70): CodeIgniter\Commands\Database\Migrate->run(Array)
#9 C:\Users\Oussama\Desktop\University_clubs_management\ucm\backend\system\CLI\BaseCommand.php(119): CodeIgniter\CLI\Commands->run('migrate', Array)
#10 C:\Users\Oussama\Desktop\University_clubs_management\ucm\backend\system\Commands\Database\MigrateRefresh.php(87): CodeIgniter\CLI\BaseCommand->call('migrate', Array)
#11 C:\Users\Oussama\Desktop\University_clubs_management\ucm\backend\system\CLI\Commands.php(70): CodeIgniter\Commands\Database\MigrateRefresh->run(Array)
#12 C:\Users\Oussama\Desktop\University_clubs_management\ucm\backend\system\CLI\Console.php(48): CodeIgniter\CLI\Commands->run('migrate:refresh', Array)
#13 C:\Users\Oussama\Desktop\University_clubs_management\ucm\backend\system\Boot.php(351): CodeIgniter\CLI\Console->run()
#14 C:\Users\Oussama\Desktop\University_clubs_management\ucm\backend\system\Boot.php(104): CodeIgniter\Boot::runCommand(Object(CodeIgniter\CLI\Console))
#15 C:\Users\Oussama\Desktop\University_clubs_management\ucm\backend\spark(84): CodeIgniter\Boot::bootSpark(Object(Config\Paths))
#16 {main}
ERROR - 2024-12-04 12:25:37 --> Error connecting to the database: mysqli_sql_exception: Aucune connexion n’a pu être établie car l’ordinateur cible l’a expressément refusée in C:\Users\Oussama\Desktop\University_clubs_management\ucm\backend\system\Database\MySQLi\Connection.php:186
Stack trace:
#0 C:\Users\Oussama\Desktop\University_clubs_management\ucm\backend\system\Database\MySQLi\Connection.php(186): mysqli->real_connect('localhost', 'root', Object(SensitiveParameterValue), 'clubs_Managment...', 3306, '', 0)
#1 C:\Users\Oussama\Desktop\University_clubs_management\ucm\backend\system\Database\BaseConnection.php(421): CodeIgniter\Database\MySQLi\Connection->connect(false)
#2 C:\Users\Oussama\Desktop\University_clubs_management\ucm\backend\system\Database\BaseConnection.php(616): CodeIgniter\Database\BaseConnection->initialize()
#3 C:\Users\Oussama\Desktop\University_clubs_management\ucm\backend\system\Database\BaseBuilder.php(1644): CodeIgniter\Database\BaseConnection->query('SELECT *\nFROM `...', Array, false)
#4 C:\Users\Oussama\Desktop\University_clubs_management\ucm\backend\system\Model.php(286): CodeIgniter\Database\BaseBuilder->get()
#5 C:\Users\Oussama\Desktop\University_clubs_management\ucm\backend\system\BaseModel.php(676): CodeIgniter\Model->doFindAll(0, 0)
#6 C:\Users\Oussama\Desktop\University_clubs_management\ucm\backend\app\Controllers\EventController.php(22): CodeIgniter\BaseModel->findAll()
#7 C:\Users\Oussama\Desktop\University_clubs_management\ucm\backend\system\CodeIgniter.php(933): App\Controllers\EventController->allEvents()
#8 C:\Users\Oussama\Desktop\University_clubs_management\ucm\backend\system\CodeIgniter.php(509): CodeIgniter\CodeIgniter->runController(Object(App\Controllers\EventController))
#9 C:\Users\Oussama\Desktop\University_clubs_management\ucm\backend\system\CodeIgniter.php(355): CodeIgniter\CodeIgniter->handleRequest(NULL, Object(Config\Cache), false)
#10 C:\Users\Oussama\Desktop\University_clubs_management\ucm\backend\system\Boot.php(325): CodeIgniter\CodeIgniter->run()
#11 C:\Users\Oussama\Desktop\University_clubs_management\ucm\backend\system\Boot.php(67): CodeIgniter\Boot::runCodeIgniter(Object(CodeIgniter\CodeIgniter))
#12 C:\Users\Oussama\Desktop\University_clubs_management\ucm\backend\public\index.php(66): CodeIgniter\Boot::bootWeb(Object(Config\Paths))
#13 {main}

Next CodeIgniter\Database\Exceptions\DatabaseException: Aucune connexion n’a pu être établie car l’ordinateur cible l’a expressément refusée in C:\Users\Oussama\Desktop\University_clubs_management\ucm\backend\system\Database\MySQLi\Connection.php:231
Stack trace:
#0 C:\Users\Oussama\Desktop\University_clubs_management\ucm\backend\system\Database\BaseConnection.php(421): CodeIgniter\Database\MySQLi\Connection->connect(false)
#1 C:\Users\Oussama\Desktop\University_clubs_management\ucm\backend\system\Database\BaseConnection.php(616): CodeIgniter\Database\BaseConnection->initialize()
#2 C:\Users\Oussama\Desktop\University_clubs_management\ucm\backend\system\Database\BaseBuilder.php(1644): CodeIgniter\Database\BaseConnection->query('SELECT *\nFROM `...', Array, false)
#3 C:\Users\Oussama\Desktop\University_clubs_management\ucm\backend\system\Model.php(286): CodeIgniter\Database\BaseBuilder->get()
#4 C:\Users\Oussama\Desktop\University_clubs_management\ucm\backend\system\BaseModel.php(676): CodeIgniter\Model->doFindAll(0, 0)
#5 C:\Users\Oussama\Desktop\University_clubs_management\ucm\backend\app\Controllers\EventController.php(22): CodeIgniter\BaseModel->findAll()
#6 C:\Users\Oussama\Desktop\University_clubs_management\ucm\backend\system\CodeIgniter.php(933): App\Controllers\EventController->allEvents()
#7 C:\Users\Oussama\Desktop\University_clubs_management\ucm\backend\system\CodeIgniter.php(509): CodeIgniter\CodeIgniter->runController(Object(App\Controllers\EventController))
#8 C:\Users\Oussama\Desktop\University_clubs_management\ucm\backend\system\CodeIgniter.php(355): CodeIgniter\CodeIgniter->handleRequest(NULL, Object(Config\Cache), false)
#9 C:\Users\Oussama\Desktop\University_clubs_management\ucm\backend\system\Boot.php(325): CodeIgniter\CodeIgniter->run()
#10 C:\Users\Oussama\Desktop\University_clubs_management\ucm\backend\system\Boot.php(67): CodeIgniter\Boot::runCodeIgniter(Object(CodeIgniter\CodeIgniter))
#11 C:\Users\Oussama\Desktop\University_clubs_management\ucm\backend\public\index.php(66): CodeIgniter\Boot::bootWeb(Object(Config\Paths))
#12 {main}
CRITICAL - 2024-12-04 12:25:37 --> CodeIgniter\Database\Exceptions\DatabaseException: Unable to connect to the database.
Main connection [MySQLi]: Aucune connexion n’a pu être établie car l’ordinateur cible l’a expressément refusée
[Method: GET, Route: all-events]
in SYSTEMPATH\Database\BaseConnection.php on line 467.
 1 SYSTEMPATH\Database\BaseConnection.php(616): CodeIgniter\Database\BaseConnection->initialize()
 2 SYSTEMPATH\Database\BaseBuilder.php(1644): CodeIgniter\Database\BaseConnection->query('SELECT *
FROM `event`', [], false)
 3 SYSTEMPATH\Model.php(286): CodeIgniter\Database\BaseBuilder->get()
 4 SYSTEMPATH\BaseModel.php(676): CodeIgniter\Model->doFindAll(0, 0)
 5 APPPATH\Controllers\EventController.php(22): CodeIgniter\BaseModel->findAll()
 6 SYSTEMPATH\CodeIgniter.php(933): App\Controllers\EventController->allEvents()
 7 SYSTEMPATH\CodeIgniter.php(509): CodeIgniter\CodeIgniter->runController(Object(App\Controllers\EventController))
 8 SYSTEMPATH\CodeIgniter.php(355): CodeIgniter\CodeIgniter->handleRequest(null, Object(Config\Cache), false)
 9 SYSTEMPATH\Boot.php(325): CodeIgniter\CodeIgniter->run()
10 SYSTEMPATH\Boot.php(67): CodeIgniter\Boot::runCodeIgniter(Object(CodeIgniter\CodeIgniter))
11 FCPATH\index.php(66): CodeIgniter\Boot::bootWeb(Object(Config\Paths))
ERROR - 2024-12-04 12:26:11 --> Error connecting to the database: mysqli_sql_exception: Aucune connexion n’a pu être établie car l’ordinateur cible l’a expressément refusée in C:\Users\Oussama\Desktop\University_clubs_management\ucm\backend\system\Database\MySQLi\Connection.php:186
Stack trace:
#0 C:\Users\Oussama\Desktop\University_clubs_management\ucm\backend\system\Database\MySQLi\Connection.php(186): mysqli->real_connect('localhost', 'root', Object(SensitiveParameterValue), 'clubs_Managment...', 3306, '', 0)
#1 C:\Users\Oussama\Desktop\University_clubs_management\ucm\backend\system\Database\BaseConnection.php(421): CodeIgniter\Database\MySQLi\Connection->connect(false)
#2 C:\Users\Oussama\Desktop\University_clubs_management\ucm\backend\system\Database\BaseConnection.php(616): CodeIgniter\Database\BaseConnection->initialize()
#3 C:\Users\Oussama\Desktop\University_clubs_management\ucm\backend\system\Database\BaseBuilder.php(1728): CodeIgniter\Database\BaseConnection->query('SELECT COUNT(*)...', Array, false)
#4 C:\Users\Oussama\Desktop\University_clubs_management\ucm\backend\system\Model.php(678): CodeIgniter\Database\BaseBuilder->countAllResults(true)
#5 C:\Users\Oussama\Desktop\University_clubs_management\ucm\backend\app\Controllers\AdminController.php(169): CodeIgniter\Model->countAllResults()
#6 C:\Users\Oussama\Desktop\University_clubs_management\ucm\backend\system\CodeIgniter.php(933): App\Controllers\AdminController->statistics()
#7 C:\Users\Oussama\Desktop\University_clubs_management\ucm\backend\system\CodeIgniter.php(509): CodeIgniter\CodeIgniter->runController(Object(App\Controllers\AdminController))
#8 C:\Users\Oussama\Desktop\University_clubs_management\ucm\backend\system\CodeIgniter.php(355): CodeIgniter\CodeIgniter->handleRequest(NULL, Object(Config\Cache), false)
#9 C:\Users\Oussama\Desktop\University_clubs_management\ucm\backend\system\Boot.php(325): CodeIgniter\CodeIgniter->run()
#10 C:\Users\Oussama\Desktop\University_clubs_management\ucm\backend\system\Boot.php(67): CodeIgniter\Boot::runCodeIgniter(Object(CodeIgniter\CodeIgniter))
#11 C:\Users\Oussama\Desktop\University_clubs_management\ucm\backend\public\index.php(66): CodeIgniter\Boot::bootWeb(Object(Config\Paths))
#12 {main}

Next CodeIgniter\Database\Exceptions\DatabaseException: Aucune connexion n’a pu être établie car l’ordinateur cible l’a expressément refusée in C:\Users\Oussama\Desktop\University_clubs_management\ucm\backend\system\Database\MySQLi\Connection.php:231
Stack trace:
#0 C:\Users\Oussama\Desktop\University_clubs_management\ucm\backend\system\Database\BaseConnection.php(421): CodeIgniter\Database\MySQLi\Connection->connect(false)
#1 C:\Users\Oussama\Desktop\University_clubs_management\ucm\backend\system\Database\BaseConnection.php(616): CodeIgniter\Database\BaseConnection->initialize()
#2 C:\Users\Oussama\Desktop\University_clubs_management\ucm\backend\system\Database\BaseBuilder.php(1728): CodeIgniter\Database\BaseConnection->query('SELECT COUNT(*)...', Array, false)
#3 C:\Users\Oussama\Desktop\University_clubs_management\ucm\backend\system\Model.php(678): CodeIgniter\Database\BaseBuilder->countAllResults(true)
#4 C:\Users\Oussama\Desktop\University_clubs_management\ucm\backend\app\Controllers\AdminController.php(169): CodeIgniter\Model->countAllResults()
#5 C:\Users\Oussama\Desktop\University_clubs_management\ucm\backend\system\CodeIgniter.php(933): App\Controllers\AdminController->statistics()
#6 C:\Users\Oussama\Desktop\University_clubs_management\ucm\backend\system\CodeIgniter.php(509): CodeIgniter\CodeIgniter->runController(Object(App\Controllers\AdminController))
#7 C:\Users\Oussama\Desktop\University_clubs_management\ucm\backend\system\CodeIgniter.php(355): CodeIgniter\CodeIgniter->handleRequest(NULL, Object(Config\Cache), false)
#8 C:\Users\Oussama\Desktop\University_clubs_management\ucm\backend\system\Boot.php(325): CodeIgniter\CodeIgniter->run()
#9 C:\Users\Oussama\Desktop\University_clubs_management\ucm\backend\system\Boot.php(67): CodeIgniter\Boot::runCodeIgniter(Object(CodeIgniter\CodeIgniter))
#10 C:\Users\Oussama\Desktop\University_clubs_management\ucm\backend\public\index.php(66): CodeIgniter\Boot::bootWeb(Object(Config\Paths))
#11 {main}
CRITICAL - 2024-12-04 12:26:11 --> CodeIgniter\Database\Exceptions\DatabaseException: Unable to connect to the database.
Main connection [MySQLi]: Aucune connexion n’a pu être établie car l’ordinateur cible l’a expressément refusée
[Method: GET, Route: statistics]
in SYSTEMPATH\Database\BaseConnection.php on line 467.
 1 SYSTEMPATH\Database\BaseConnection.php(616): CodeIgniter\Database\BaseConnection->initialize()
 2 SYSTEMPATH\Database\BaseBuilder.php(1728): CodeIgniter\Database\BaseConnection->query('SELECT COUNT(*) AS `numrows`
FROM `clubs`', [], false)
 3 SYSTEMPATH\Model.php(678): CodeIgniter\Database\BaseBuilder->countAllResults(true)
 4 APPPATH\Controllers\AdminController.php(169): CodeIgniter\Model->countAllResults()
 5 SYSTEMPATH\CodeIgniter.php(933): App\Controllers\AdminController->statistics()
 6 SYSTEMPATH\CodeIgniter.php(509): CodeIgniter\CodeIgniter->runController(Object(App\Controllers\AdminController))
 7 SYSTEMPATH\CodeIgniter.php(355): CodeIgniter\CodeIgniter->handleRequest(null, Object(Config\Cache), false)
 8 SYSTEMPATH\Boot.php(325): CodeIgniter\CodeIgniter->run()
 9 SYSTEMPATH\Boot.php(67): CodeIgniter\Boot::runCodeIgniter(Object(CodeIgniter\CodeIgniter))
10 FCPATH\index.php(66): CodeIgniter\Boot::bootWeb(Object(Config\Paths))
CRITICAL - 2024-12-04 12:28:51 --> ErrorException: Undefined property: stdClass::$club_logo
[Method: GET, Route: user-number/6]
in APPPATH\Controllers\UserController.php on line 203.
 1 APPPATH\Controllers\UserController.php(203): CodeIgniter\Debug\Exceptions->errorHandler(2, 'Undefined property: stdClass::$club_logo', 'C:\\Users\\Oussama\\Desktop\\University_clubs_management\\ucm\\backend\\app\\Controllers\\UserController.php', 203)
 2 SYSTEMPATH\CodeIgniter.php(933): App\Controllers\UserController->getuserByid('6')
 3 SYSTEMPATH\CodeIgniter.php(509): CodeIgniter\CodeIgniter->runController(Object(App\Controllers\UserController))
 4 SYSTEMPATH\CodeIgniter.php(355): CodeIgniter\CodeIgniter->handleRequest(null, Object(Config\Cache), false)
 5 SYSTEMPATH\Boot.php(325): CodeIgniter\CodeIgniter->run()
 6 SYSTEMPATH\Boot.php(67): CodeIgniter\Boot::runCodeIgniter(Object(CodeIgniter\CodeIgniter))
 7 FCPATH\index.php(66): CodeIgniter\Boot::bootWeb(Object(Config\Paths))
CRITICAL - 2024-12-04 12:28:51 --> ErrorException: Undefined property: stdClass::$club_logo
[Method: GET, Route: user-number/3]
in APPPATH\Controllers\UserController.php on line 203.
 1 APPPATH\Controllers\UserController.php(203): CodeIgniter\Debug\Exceptions->errorHandler(2, 'Undefined property: stdClass::$club_logo', 'C:\\Users\\Oussama\\Desktop\\University_clubs_management\\ucm\\backend\\app\\Controllers\\UserController.php', 203)
 2 SYSTEMPATH\CodeIgniter.php(933): App\Controllers\UserController->getuserByid('3')
 3 SYSTEMPATH\CodeIgniter.php(509): CodeIgniter\CodeIgniter->runController(Object(App\Controllers\UserController))
 4 SYSTEMPATH\CodeIgniter.php(355): CodeIgniter\CodeIgniter->handleRequest(null, Object(Config\Cache), false)
 5 SYSTEMPATH\Boot.php(325): CodeIgniter\CodeIgniter->run()
 6 SYSTEMPATH\Boot.php(67): CodeIgniter\Boot::runCodeIgniter(Object(CodeIgniter\CodeIgniter))
 7 FCPATH\index.php(66): CodeIgniter\Boot::bootWeb(Object(Config\Paths))
CRITICAL - 2024-12-04 12:28:51 --> ErrorException: Undefined property: stdClass::$club_logo
[Method: GET, Route: user-number/6]
in APPPATH\Controllers\UserController.php on line 203.
 1 APPPATH\Controllers\UserController.php(203): CodeIgniter\Debug\Exceptions->errorHandler(2, 'Undefined property: stdClass::$club_logo', 'C:\\Users\\Oussama\\Desktop\\University_clubs_management\\ucm\\backend\\app\\Controllers\\UserController.php', 203)
 2 SYSTEMPATH\CodeIgniter.php(933): App\Controllers\UserController->getuserByid('6')
 3 SYSTEMPATH\CodeIgniter.php(509): CodeIgniter\CodeIgniter->runController(Object(App\Controllers\UserController))
 4 SYSTEMPATH\CodeIgniter.php(355): CodeIgniter\CodeIgniter->handleRequest(null, Object(Config\Cache), false)
 5 SYSTEMPATH\Boot.php(325): CodeIgniter\CodeIgniter->run()
 6 SYSTEMPATH\Boot.php(67): CodeIgniter\Boot::runCodeIgniter(Object(CodeIgniter\CodeIgniter))
 7 FCPATH\index.php(66): CodeIgniter\Boot::bootWeb(Object(Config\Paths))
CRITICAL - 2024-12-04 12:28:51 --> ErrorException: Undefined property: stdClass::$club_logo
[Method: GET, Route: user-number/3]
in APPPATH\Controllers\UserController.php on line 203.
 1 APPPATH\Controllers\UserController.php(203): CodeIgniter\Debug\Exceptions->errorHandler(2, 'Undefined property: stdClass::$club_logo', 'C:\\Users\\Oussama\\Desktop\\University_clubs_management\\ucm\\backend\\app\\Controllers\\UserController.php', 203)
 2 SYSTEMPATH\CodeIgniter.php(933): App\Controllers\UserController->getuserByid('3')
 3 SYSTEMPATH\CodeIgniter.php(509): CodeIgniter\CodeIgniter->runController(Object(App\Controllers\UserController))
 4 SYSTEMPATH\CodeIgniter.php(355): CodeIgniter\CodeIgniter->handleRequest(null, Object(Config\Cache), false)
 5 SYSTEMPATH\Boot.php(325): CodeIgniter\CodeIgniter->run()
 6 SYSTEMPATH\Boot.php(67): CodeIgniter\Boot::runCodeIgniter(Object(CodeIgniter\CodeIgniter))
 7 FCPATH\index.php(66): CodeIgniter\Boot::bootWeb(Object(Config\Paths))
CRITICAL - 2024-12-04 12:29:36 --> ErrorException: Undefined property: stdClass::$club_logo
[Method: GET, Route: user-number/6]
in APPPATH\Controllers\UserController.php on line 203.
 1 APPPATH\Controllers\UserController.php(203): CodeIgniter\Debug\Exceptions->errorHandler(2, 'Undefined property: stdClass::$club_logo', 'C:\\Users\\Oussama\\Desktop\\University_clubs_management\\ucm\\backend\\app\\Controllers\\UserController.php', 203)
 2 SYSTEMPATH\CodeIgniter.php(933): App\Controllers\UserController->getuserByid('6')
 3 SYSTEMPATH\CodeIgniter.php(509): CodeIgniter\CodeIgniter->runController(Object(App\Controllers\UserController))
 4 SYSTEMPATH\CodeIgniter.php(355): CodeIgniter\CodeIgniter->handleRequest(null, Object(Config\Cache), false)
 5 SYSTEMPATH\Boot.php(325): CodeIgniter\CodeIgniter->run()
 6 SYSTEMPATH\Boot.php(67): CodeIgniter\Boot::runCodeIgniter(Object(CodeIgniter\CodeIgniter))
 7 FCPATH\index.php(66): CodeIgniter\Boot::bootWeb(Object(Config\Paths))
CRITICAL - 2024-12-04 12:29:36 --> ErrorException: Undefined property: stdClass::$club_logo
[Method: GET, Route: user-number/3]
in APPPATH\Controllers\UserController.php on line 203.
 1 APPPATH\Controllers\UserController.php(203): CodeIgniter\Debug\Exceptions->errorHandler(2, 'Undefined property: stdClass::$club_logo', 'C:\\Users\\Oussama\\Desktop\\University_clubs_management\\ucm\\backend\\app\\Controllers\\UserController.php', 203)
 2 SYSTEMPATH\CodeIgniter.php(933): App\Controllers\UserController->getuserByid('3')
 3 SYSTEMPATH\CodeIgniter.php(509): CodeIgniter\CodeIgniter->runController(Object(App\Controllers\UserController))
 4 SYSTEMPATH\CodeIgniter.php(355): CodeIgniter\CodeIgniter->handleRequest(null, Object(Config\Cache), false)
 5 SYSTEMPATH\Boot.php(325): CodeIgniter\CodeIgniter->run()
 6 SYSTEMPATH\Boot.php(67): CodeIgniter\Boot::runCodeIgniter(Object(CodeIgniter\CodeIgniter))
 7 FCPATH\index.php(66): CodeIgniter\Boot::bootWeb(Object(Config\Paths))
CRITICAL - 2024-12-04 12:29:37 --> ErrorException: Undefined property: stdClass::$club_logo
[Method: GET, Route: user-number/6]
in APPPATH\Controllers\UserController.php on line 203.
 1 APPPATH\Controllers\UserController.php(203): CodeIgniter\Debug\Exceptions->errorHandler(2, 'Undefined property: stdClass::$club_logo', 'C:\\Users\\Oussama\\Desktop\\University_clubs_management\\ucm\\backend\\app\\Controllers\\UserController.php', 203)
 2 SYSTEMPATH\CodeIgniter.php(933): App\Controllers\UserController->getuserByid('6')
 3 SYSTEMPATH\CodeIgniter.php(509): CodeIgniter\CodeIgniter->runController(Object(App\Controllers\UserController))
 4 SYSTEMPATH\CodeIgniter.php(355): CodeIgniter\CodeIgniter->handleRequest(null, Object(Config\Cache), false)
 5 SYSTEMPATH\Boot.php(325): CodeIgniter\CodeIgniter->run()
 6 SYSTEMPATH\Boot.php(67): CodeIgniter\Boot::runCodeIgniter(Object(CodeIgniter\CodeIgniter))
 7 FCPATH\index.php(66): CodeIgniter\Boot::bootWeb(Object(Config\Paths))
CRITICAL - 2024-12-04 12:29:37 --> ErrorException: Undefined property: stdClass::$club_logo
[Method: GET, Route: user-number/3]
in APPPATH\Controllers\UserController.php on line 203.
 1 APPPATH\Controllers\UserController.php(203): CodeIgniter\Debug\Exceptions->errorHandler(2, 'Undefined property: stdClass::$club_logo', 'C:\\Users\\Oussama\\Desktop\\University_clubs_management\\ucm\\backend\\app\\Controllers\\UserController.php', 203)
 2 SYSTEMPATH\CodeIgniter.php(933): App\Controllers\UserController->getuserByid('3')
 3 SYSTEMPATH\CodeIgniter.php(509): CodeIgniter\CodeIgniter->runController(Object(App\Controllers\UserController))
 4 SYSTEMPATH\CodeIgniter.php(355): CodeIgniter\CodeIgniter->handleRequest(null, Object(Config\Cache), false)
 5 SYSTEMPATH\Boot.php(325): CodeIgniter\CodeIgniter->run()
 6 SYSTEMPATH\Boot.php(67): CodeIgniter\Boot::runCodeIgniter(Object(CodeIgniter\CodeIgniter))
 7 FCPATH\index.php(66): CodeIgniter\Boot::bootWeb(Object(Config\Paths))
CRITICAL - 2024-12-04 12:31:06 --> ErrorException: Undefined property: stdClass::$club_logo
[Method: GET, Route: user-number/1]
in APPPATH\Controllers\UserController.php on line 203.
 1 APPPATH\Controllers\UserController.php(203): CodeIgniter\Debug\Exceptions->errorHandler(2, 'Undefined property: stdClass::$club_logo', 'C:\\Users\\Oussama\\Desktop\\University_clubs_management\\ucm\\backend\\app\\Controllers\\UserController.php', 203)
 2 SYSTEMPATH\CodeIgniter.php(933): App\Controllers\UserController->getuserByid('1')
 3 SYSTEMPATH\CodeIgniter.php(509): CodeIgniter\CodeIgniter->runController(Object(App\Controllers\UserController))
 4 SYSTEMPATH\CodeIgniter.php(355): CodeIgniter\CodeIgniter->handleRequest(null, Object(Config\Cache), false)
 5 SYSTEMPATH\Boot.php(325): CodeIgniter\CodeIgniter->run()
 6 SYSTEMPATH\Boot.php(67): CodeIgniter\Boot::runCodeIgniter(Object(CodeIgniter\CodeIgniter))
 7 FCPATH\index.php(66): CodeIgniter\Boot::bootWeb(Object(Config\Paths))
CRITICAL - 2024-12-04 12:32:18 --> ErrorException: Undefined property: stdClass::$club_logo
[Method: GET, Route: user-number/3]
in APPPATH\Controllers\UserController.php on line 203.
 1 APPPATH\Controllers\UserController.php(203): CodeIgniter\Debug\Exceptions->errorHandler(2, 'Undefined property: stdClass::$club_logo', 'C:\\Users\\Oussama\\Desktop\\University_clubs_management\\ucm\\backend\\app\\Controllers\\UserController.php', 203)
 2 SYSTEMPATH\CodeIgniter.php(933): App\Controllers\UserController->getuserByid('3')
 3 SYSTEMPATH\CodeIgniter.php(509): CodeIgniter\CodeIgniter->runController(Object(App\Controllers\UserController))
 4 SYSTEMPATH\CodeIgniter.php(355): CodeIgniter\CodeIgniter->handleRequest(null, Object(Config\Cache), false)
 5 SYSTEMPATH\Boot.php(325): CodeIgniter\CodeIgniter->run()
 6 SYSTEMPATH\Boot.php(67): CodeIgniter\Boot::runCodeIgniter(Object(CodeIgniter\CodeIgniter))
 7 FCPATH\index.php(66): CodeIgniter\Boot::bootWeb(Object(Config\Paths))
CRITICAL - 2024-12-04 12:32:18 --> ErrorException: Undefined property: stdClass::$club_logo
[Method: GET, Route: user-number/1]
in APPPATH\Controllers\UserController.php on line 203.
 1 APPPATH\Controllers\UserController.php(203): CodeIgniter\Debug\Exceptions->errorHandler(2, 'Undefined property: stdClass::$club_logo', 'C:\\Users\\Oussama\\Desktop\\University_clubs_management\\ucm\\backend\\app\\Controllers\\UserController.php', 203)
 2 SYSTEMPATH\CodeIgniter.php(933): App\Controllers\UserController->getuserByid('1')
 3 SYSTEMPATH\CodeIgniter.php(509): CodeIgniter\CodeIgniter->runController(Object(App\Controllers\UserController))
 4 SYSTEMPATH\CodeIgniter.php(355): CodeIgniter\CodeIgniter->handleRequest(null, Object(Config\Cache), false)
 5 SYSTEMPATH\Boot.php(325): CodeIgniter\CodeIgniter->run()
 6 SYSTEMPATH\Boot.php(67): CodeIgniter\Boot::runCodeIgniter(Object(CodeIgniter\CodeIgniter))
 7 FCPATH\index.php(66): CodeIgniter\Boot::bootWeb(Object(Config\Paths))
CRITICAL - 2024-12-04 12:32:18 --> ErrorException: Undefined property: stdClass::$club_logo
[Method: GET, Route: user-number/3]
in APPPATH\Controllers\UserController.php on line 203.
 1 APPPATH\Controllers\UserController.php(203): CodeIgniter\Debug\Exceptions->errorHandler(2, 'Undefined property: stdClass::$club_logo', 'C:\\Users\\Oussama\\Desktop\\University_clubs_management\\ucm\\backend\\app\\Controllers\\UserController.php', 203)
 2 SYSTEMPATH\CodeIgniter.php(933): App\Controllers\UserController->getuserByid('3')
 3 SYSTEMPATH\CodeIgniter.php(509): CodeIgniter\CodeIgniter->runController(Object(App\Controllers\UserController))
 4 SYSTEMPATH\CodeIgniter.php(355): CodeIgniter\CodeIgniter->handleRequest(null, Object(Config\Cache), false)
 5 SYSTEMPATH\Boot.php(325): CodeIgniter\CodeIgniter->run()
 6 SYSTEMPATH\Boot.php(67): CodeIgniter\Boot::runCodeIgniter(Object(CodeIgniter\CodeIgniter))
 7 FCPATH\index.php(66): CodeIgniter\Boot::bootWeb(Object(Config\Paths))
CRITICAL - 2024-12-04 12:32:18 --> ErrorException: Undefined property: stdClass::$club_logo
[Method: GET, Route: user-number/1]
in APPPATH\Controllers\UserController.php on line 203.
 1 APPPATH\Controllers\UserController.php(203): CodeIgniter\Debug\Exceptions->errorHandler(2, 'Undefined property: stdClass::$club_logo', 'C:\\Users\\Oussama\\Desktop\\University_clubs_management\\ucm\\backend\\app\\Controllers\\UserController.php', 203)
 2 SYSTEMPATH\CodeIgniter.php(933): App\Controllers\UserController->getuserByid('1')
 3 SYSTEMPATH\CodeIgniter.php(509): CodeIgniter\CodeIgniter->runController(Object(App\Controllers\UserController))
 4 SYSTEMPATH\CodeIgniter.php(355): CodeIgniter\CodeIgniter->handleRequest(null, Object(Config\Cache), false)
 5 SYSTEMPATH\Boot.php(325): CodeIgniter\CodeIgniter->run()
 6 SYSTEMPATH\Boot.php(67): CodeIgniter\Boot::runCodeIgniter(Object(CodeIgniter\CodeIgniter))
 7 FCPATH\index.php(66): CodeIgniter\Boot::bootWeb(Object(Config\Paths))
CRITICAL - 2024-12-04 12:32:34 --> ErrorException: Undefined property: stdClass::$club_logo
[Method: GET, Route: user-number/1]
in APPPATH\Controllers\UserController.php on line 203.
 1 APPPATH\Controllers\UserController.php(203): CodeIgniter\Debug\Exceptions->errorHandler(2, 'Undefined property: stdClass::$club_logo', 'C:\\Users\\Oussama\\Desktop\\University_clubs_management\\ucm\\backend\\app\\Controllers\\UserController.php', 203)
 2 SYSTEMPATH\CodeIgniter.php(933): App\Controllers\UserController->getuserByid('1')
 3 SYSTEMPATH\CodeIgniter.php(509): CodeIgniter\CodeIgniter->runController(Object(App\Controllers\UserController))
 4 SYSTEMPATH\CodeIgniter.php(355): CodeIgniter\CodeIgniter->handleRequest(null, Object(Config\Cache), false)
 5 SYSTEMPATH\Boot.php(325): CodeIgniter\CodeIgniter->run()
 6 SYSTEMPATH\Boot.php(67): CodeIgniter\Boot::runCodeIgniter(Object(CodeIgniter\CodeIgniter))
 7 FCPATH\index.php(66): CodeIgniter\Boot::bootWeb(Object(Config\Paths))
CRITICAL - 2024-12-04 12:35:48 --> ErrorException: Undefined property: stdClass::$club_logo
[Method: GET, Route: user-number/1]
in APPPATH\Controllers\UserController.php on line 203.
 1 APPPATH\Controllers\UserController.php(203): CodeIgniter\Debug\Exceptions->errorHandler(2, 'Undefined property: stdClass::$club_logo', 'C:\\Users\\Oussama\\Desktop\\University_clubs_management\\ucm\\backend\\app\\Controllers\\UserController.php', 203)
 2 SYSTEMPATH\CodeIgniter.php(933): App\Controllers\UserController->getuserByid('1')
 3 SYSTEMPATH\CodeIgniter.php(509): CodeIgniter\CodeIgniter->runController(Object(App\Controllers\UserController))
 4 SYSTEMPATH\CodeIgniter.php(355): CodeIgniter\CodeIgniter->handleRequest(null, Object(Config\Cache), false)
 5 SYSTEMPATH\Boot.php(325): CodeIgniter\CodeIgniter->run()
 6 SYSTEMPATH\Boot.php(67): CodeIgniter\Boot::runCodeIgniter(Object(CodeIgniter\CodeIgniter))
 7 FCPATH\index.php(66): CodeIgniter\Boot::bootWeb(Object(Config\Paths))
CRITICAL - 2024-12-04 12:35:48 --> ErrorException: Undefined property: stdClass::$club_logo
[Method: GET, Route: user-number/3]
in APPPATH\Controllers\UserController.php on line 203.
 1 APPPATH\Controllers\UserController.php(203): CodeIgniter\Debug\Exceptions->errorHandler(2, 'Undefined property: stdClass::$club_logo', 'C:\\Users\\Oussama\\Desktop\\University_clubs_management\\ucm\\backend\\app\\Controllers\\UserController.php', 203)
 2 SYSTEMPATH\CodeIgniter.php(933): App\Controllers\UserController->getuserByid('3')
 3 SYSTEMPATH\CodeIgniter.php(509): CodeIgniter\CodeIgniter->runController(Object(App\Controllers\UserController))
 4 SYSTEMPATH\CodeIgniter.php(355): CodeIgniter\CodeIgniter->handleRequest(null, Object(Config\Cache), false)
 5 SYSTEMPATH\Boot.php(325): CodeIgniter\CodeIgniter->run()
 6 SYSTEMPATH\Boot.php(67): CodeIgniter\Boot::runCodeIgniter(Object(CodeIgniter\CodeIgniter))
 7 FCPATH\index.php(66): CodeIgniter\Boot::bootWeb(Object(Config\Paths))
CRITICAL - 2024-12-04 12:35:49 --> ErrorException: Undefined property: stdClass::$club_logo
[Method: GET, Route: user-number/1]
in APPPATH\Controllers\UserController.php on line 203.
 1 APPPATH\Controllers\UserController.php(203): CodeIgniter\Debug\Exceptions->errorHandler(2, 'Undefined property: stdClass::$club_logo', 'C:\\Users\\Oussama\\Desktop\\University_clubs_management\\ucm\\backend\\app\\Controllers\\UserController.php', 203)
 2 SYSTEMPATH\CodeIgniter.php(933): App\Controllers\UserController->getuserByid('1')
 3 SYSTEMPATH\CodeIgniter.php(509): CodeIgniter\CodeIgniter->runController(Object(App\Controllers\UserController))
 4 SYSTEMPATH\CodeIgniter.php(355): CodeIgniter\CodeIgniter->handleRequest(null, Object(Config\Cache), false)
 5 SYSTEMPATH\Boot.php(325): CodeIgniter\CodeIgniter->run()
 6 SYSTEMPATH\Boot.php(67): CodeIgniter\Boot::runCodeIgniter(Object(CodeIgniter\CodeIgniter))
 7 FCPATH\index.php(66): CodeIgniter\Boot::bootWeb(Object(Config\Paths))
CRITICAL - 2024-12-04 12:35:49 --> ErrorException: Undefined property: stdClass::$club_logo
[Method: GET, Route: user-number/3]
in APPPATH\Controllers\UserController.php on line 203.
 1 APPPATH\Controllers\UserController.php(203): CodeIgniter\Debug\Exceptions->errorHandler(2, 'Undefined property: stdClass::$club_logo', 'C:\\Users\\Oussama\\Desktop\\University_clubs_management\\ucm\\backend\\app\\Controllers\\UserController.php', 203)
 2 SYSTEMPATH\CodeIgniter.php(933): App\Controllers\UserController->getuserByid('3')
 3 SYSTEMPATH\CodeIgniter.php(509): CodeIgniter\CodeIgniter->runController(Object(App\Controllers\UserController))
 4 SYSTEMPATH\CodeIgniter.php(355): CodeIgniter\CodeIgniter->handleRequest(null, Object(Config\Cache), false)
 5 SYSTEMPATH\Boot.php(325): CodeIgniter\CodeIgniter->run()
 6 SYSTEMPATH\Boot.php(67): CodeIgniter\Boot::runCodeIgniter(Object(CodeIgniter\CodeIgniter))
 7 FCPATH\index.php(66): CodeIgniter\Boot::bootWeb(Object(Config\Paths))
