INFO - 2024-12-02 12:00:14 --> Session: Class initialized using 'CodeIgniter\Session\Handlers\FileHandler' driver.
INFO - 2024-12-02 12:41:49 --> Session: Class initialized using 'CodeIgniter\Session\Handlers\FileHandler' driver.
INFO - 2024-12-02 14:13:00 --> Session: Class initialized using 'CodeIgniter\Session\Handlers\FileHandler' driver.
INFO - 2024-12-02 14:19:18 --> Session: Class initialized using 'CodeIgniter\Session\Handlers\FileHandler' driver.
INFO - 2024-12-02 14:36:54 --> Session: Class initialized using 'CodeIgniter\Session\Handlers\FileHandler' driver.
CRITICAL - 2024-12-02 15:07:07 --> ErrorException: Undefined variable $idUser
[Method: POST, Route: add-clubmembership]
in APPPATH\Controllers\ClubMembershipController.php on line 34.
 1 APPPATH\Controllers\ClubMembershipController.php(34): CodeIgniter\Debug\Exceptions->errorHandler(2, 'Undefined variable $idUser', 'D:\\FSA Courses\\S5\\Programation web dynamique\\University_clubs_management\\ucm\\backend\\app\\Controllers\\ClubMembershipController.php', 34)
 2 SYSTEMPATH\CodeIgniter.php(933): App\Controllers\ClubMembershipController->addClubMembership()
 3 SYSTEMPATH\CodeIgniter.php(509): CodeIgniter\CodeIgniter->runController(Object(App\Controllers\ClubMembershipController))
 4 SYSTEMPATH\CodeIgniter.php(355): CodeIgniter\CodeIgniter->handleRequest(null, Object(Config\Cache), false)
 5 SYSTEMPATH\Boot.php(325): CodeIgniter\CodeIgniter->run()
 6 SYSTEMPATH\Boot.php(67): CodeIgniter\Boot::runCodeIgniter(Object(CodeIgniter\CodeIgniter))
 7 FCPATH\index.php(66): CodeIgniter\Boot::bootWeb(Object(Config\Paths))
INFO - 2024-12-02 15:09:41 --> Session: Class initialized using 'CodeIgniter\Session\Handlers\FileHandler' driver.
INFO - 2024-12-02 15:17:46 --> Session: Class initialized using 'CodeIgniter\Session\Handlers\FileHandler' driver.
INFO - 2024-12-02 15:26:34 --> Session: Class initialized using 'CodeIgniter\Session\Handlers\FileHandler' driver.
INFO - 2024-12-02 15:27:50 --> Session: Class initialized using 'CodeIgniter\Session\Handlers\FileHandler' driver.
CRITICAL - 2024-12-02 16:00:13 --> ParseError: syntax error, unexpected identifier "e", expecting "]"
[Method: POST, Route: add-clubmembership]
in APPPATH\Controllers\ClubMembershipController.php on line 48.
 1 SYSTEMPATH\Autoloader\Autoloader.php(296): CodeIgniter\Autoloader\Autoloader->includeFile('D:\\FSA Courses\\S5\\Programation web dynamique\\University_clubs_management\\ucm\\backend\\app\\Controllers\\ClubMembershipController.php')
 2 SYSTEMPATH\Autoloader\Autoloader.php(272): CodeIgniter\Autoloader\Autoloader->loadInNamespace('App\\Controllers\\ClubMembershipController')
 3 [internal function]: CodeIgniter\Autoloader\Autoloader->loadClass('App\\Controllers\\ClubMembershipController')
 4 SYSTEMPATH\CodeIgniter.php(887): class_exists('\\App\\Controllers\\ClubMembershipController', true)
 5 SYSTEMPATH\CodeIgniter.php(496): CodeIgniter\CodeIgniter->startController()
 6 SYSTEMPATH\CodeIgniter.php(355): CodeIgniter\CodeIgniter->handleRequest(null, Object(Config\Cache), false)
 7 SYSTEMPATH\Boot.php(325): CodeIgniter\CodeIgniter->run()
 8 SYSTEMPATH\Boot.php(67): CodeIgniter\Boot::runCodeIgniter(Object(CodeIgniter\CodeIgniter))
 9 FCPATH\index.php(66): CodeIgniter\Boot::bootWeb(Object(Config\Paths))
INFO - 2024-12-02 16:00:43 --> Session: Class initialized using 'CodeIgniter\Session\Handlers\FileHandler' driver.
INFO - 2024-12-02 16:01:19 --> Session: Class initialized using 'CodeIgniter\Session\Handlers\FileHandler' driver.
